\BOOKMARK [0][-]{chapter.1}{\376\377\000I\000n\000t\000r\000o\000d\000u\000c\000t\000i\000o\000n}{}% 1
\BOOKMARK [0][-]{chapter.2}{\376\377\000G\000e\000n\000e\000r\000a\000l\000\040\000p\000u\000r\000p\000o\000s\000e\000\040\000f\000u\000n\000c\000t\000i\000o\000n\000s}{}% 2
\BOOKMARK [0][-]{chapter.3}{\376\377\000M\000a\000t\000r\000i\000x\000\040\000f\000u\000n\000c\000t\000i\000o\000n\000s}{}% 3
\BOOKMARK [0][-]{chapter.4}{\376\377\000M\000a\000t\000e\000r\000i\000a\000l\000\040\000f\000u\000n\000c\000t\000i\000o\000n\000s}{}% 4
\BOOKMARK [1][-]{section.4.1}{\376\377\000h\000o\000o\000k\000e}{chapter.4}% 5
\BOOKMARK [1][-]{section.4.2}{\376\377\000m\000i\000s\000e\000s}{chapter.4}% 6
\BOOKMARK [1][-]{section.4.3}{\376\377\000d\000m\000i\000s\000e\000s}{chapter.4}% 7
\BOOKMARK [0][-]{chapter.5}{\376\377\000E\000l\000e\000m\000e\000n\000t\000\040\000f\000u\000n\000c\000t\000i\000o\000n\000s}{}% 8
\BOOKMARK [0][-]{chapter.6}{\376\377\000S\000p\000r\000i\000n\000g\000\040\000e\000l\000e\000m\000e\000n\000t\000\040\000f\000u\000n\000c\000t\000i\000o\000n\000s}{}% 9
\BOOKMARK [1][-]{section.6.1}{\376\377\000s\000p\000r\000i\000n\000g\0001\000e}{chapter.6}% 10
\BOOKMARK [1][-]{section.6.2}{\376\377\000s\000p\000r\000i\000n\000g\0001\000s}{chapter.6}% 11
\BOOKMARK [0][-]{chapter.7}{\376\377\000B\000a\000r\000\040\000e\000l\000e\000m\000e\000n\000t\000\040\000f\000u\000n\000c\000t\000i\000o\000n\000s}{}% 12
\BOOKMARK [1][-]{section.7.1}{\376\377\0001\000D\000\040\000B\000a\000r\000\040\000e\000l\000e\000m\000e\000n\000t\000s}{chapter.7}% 13
\BOOKMARK [2][-]{subsection.7.1.1}{\376\377\000b\000a\000r\0001\000e}{section.7.1}% 14
\BOOKMARK [2][-]{subsection.7.1.2}{\376\377\000b\000a\000r\0001\000s}{section.7.1}% 15
\BOOKMARK [2][-]{subsection.7.1.3}{\376\377\000b\000a\000r\0001\000w\000e}{section.7.1}% 16
\BOOKMARK [2][-]{subsection.7.1.4}{\376\377\000b\000a\000r\0001\000w\000s}{section.7.1}% 17
\BOOKMARK [1][-]{section.7.2}{\376\377\0002\000D\000\040\000b\000a\000r\000\040\000e\000l\000e\000m\000e\000n\000t\000s}{chapter.7}% 18
\BOOKMARK [2][-]{subsection.7.2.1}{\376\377\000b\000a\000r\0002\000e}{section.7.2}% 19
\BOOKMARK [2][-]{subsection.7.2.2}{\376\377\000b\000a\000r\0002\000s}{section.7.2}% 20
\BOOKMARK [2][-]{subsection.7.2.3}{\376\377\000b\000a\000r\0002\000g\000e}{section.7.2}% 21
\BOOKMARK [2][-]{subsection.7.2.4}{\376\377\000b\000a\000r\0002\000g\000s}{section.7.2}% 22
\BOOKMARK [1][-]{section.7.3}{\376\377\0003\000D\000\040\000b\000a\000r\000\040\000e\000l\000e\000m\000e\000n\000t\000s}{chapter.7}% 23
\BOOKMARK [2][-]{subsection.7.3.1}{\376\377\000b\000a\000r\0003\000e}{section.7.3}% 24
\BOOKMARK [2][-]{subsection.7.3.2}{\376\377\000b\000a\000r\0003\000s}{section.7.3}% 25
\BOOKMARK [0][-]{chapter.8}{\376\377\000H\000e\000a\000t\000\040\000F\000l\000o\000w\000\040\000E\000l\000e\000m\000e\000n\000t\000s}{}% 26
\BOOKMARK [1][-]{section.8.1}{\376\377\000E\000l\000e\000m\000e\000n\000t\000\040\000t\000y\000p\000e\000s}{chapter.8}% 27
\BOOKMARK [1][-]{section.8.2}{\376\377\0002\000D\000\040\000H\000e\000a\000t\000\040\000F\000l\000o\000w\000\040\000F\000u\000n\000c\000t\000i\000o\000n\000s}{chapter.8}% 28
\BOOKMARK [2][-]{subsection.8.2.1}{\376\377\000f\000l\000w\0002\000t\000e}{section.8.2}% 29
\BOOKMARK [2][-]{subsection.8.2.2}{\376\377\000f\000l\000w\0002\000t\000s}{section.8.2}% 30
\BOOKMARK [2][-]{subsection.8.2.3}{\376\377\000f\000l\000w\0002\000q\000e}{section.8.2}% 31
\BOOKMARK [2][-]{subsection.8.2.4}{\376\377\000f\000l\000w\0002\000q\000s}{section.8.2}% 32
\BOOKMARK [2][-]{subsection.8.2.5}{\376\377\000f\000l\000w\0002\000i\0004\000e}{section.8.2}% 33
\BOOKMARK [2][-]{subsection.8.2.6}{\376\377\000f\000l\000w\0002\000i\0004\000s}{section.8.2}% 34
\BOOKMARK [2][-]{subsection.8.2.7}{\376\377\000f\000l\000w\0002\000i\0008\000e}{section.8.2}% 35
\BOOKMARK [2][-]{subsection.8.2.8}{\376\377\000f\000l\000w\0002\000i\0008\000s}{section.8.2}% 36
\BOOKMARK [1][-]{section.8.3}{\376\377\0003\000D\000\040\000H\000e\000a\000t\000\040\000F\000l\000o\000w\000\040\000F\000u\000n\000c\000t\000i\000o\000n\000s}{chapter.8}% 37
\BOOKMARK [2][-]{subsection.8.3.1}{\376\377\000f\000l\000w\0003\000i\0008\000e}{section.8.3}% 38
\BOOKMARK [2][-]{subsection.8.3.2}{\376\377\000f\000l\000w\0003\000i\0008\000s}{section.8.3}% 39
\BOOKMARK [0][-]{chapter.9}{\376\377\000S\000o\000l\000i\000d\000\040\000e\000l\000e\000m\000e\000n\000t\000s\000\040\000f\000u\000n\000c\000t\000i\000o\000n\000s}{}% 40
\BOOKMARK [1][-]{section.9.1}{\376\377\0002\000D\000\040\000S\000o\000l\000i\000d\000\040\000F\000u\000n\000c\000t\000i\000o\000n\000s}{chapter.9}% 41
\BOOKMARK [2][-]{subsection.9.1.1}{\376\377\000p\000l\000a\000n\000t\000e}{section.9.1}% 42
\BOOKMARK [2][-]{subsection.9.1.2}{\376\377\000p\000l\000a\000n\000t\000s}{section.9.1}% 43
\BOOKMARK [2][-]{subsection.9.1.3}{\376\377\000p\000l\000a\000n\000t\000f}{section.9.1}% 44
\BOOKMARK [2][-]{subsection.9.1.4}{\376\377\000p\000l\000a\000n\000q\000e}{section.9.1}% 45
\BOOKMARK [2][-]{subsection.9.1.5}{\376\377\000p\000l\000a\000n\000q\000s}{section.9.1}% 46
\BOOKMARK [2][-]{subsection.9.1.6}{\376\377\000p\000l\000a\000n\000r\000e}{section.9.1}% 47
\BOOKMARK [2][-]{subsection.9.1.7}{\376\377\000p\000l\000a\000n\000r\000s}{section.9.1}% 48
\BOOKMARK [2][-]{subsection.9.1.8}{\376\377\000p\000l\000a\000n\000t\000c\000e}{section.9.1}% 49
\BOOKMARK [2][-]{subsection.9.1.9}{\376\377\000p\000l\000a\000n\000t\000c\000s}{section.9.1}% 50
\BOOKMARK [2][-]{subsection.9.1.10}{\376\377\000p\000l\000a\000n\000i\0004\000e}{section.9.1}% 51
\BOOKMARK [2][-]{subsection.9.1.11}{\376\377\000p\000l\000a\000n\000i\0004\000s}{section.9.1}% 52
\BOOKMARK [2][-]{subsection.9.1.12}{\376\377\000p\000l\000a\000n\000i\0004\000f}{section.9.1}% 53
\BOOKMARK [2][-]{subsection.9.1.13}{\376\377\000p\000l\000a\000n\000i\0008\000e}{section.9.1}% 54
\BOOKMARK [2][-]{subsection.9.1.14}{\376\377\000p\000l\000a\000n\000i\0008\000s}{section.9.1}% 55
\BOOKMARK [2][-]{subsection.9.1.15}{\376\377\000p\000l\000a\000n\000i\0008\000f}{section.9.1}% 56
\BOOKMARK [1][-]{section.9.2}{\376\377\0003\000D\000\040\000S\000o\000l\000i\000d\000\040\000F\000u\000n\000c\000t\000i\000o\000n\000s}{chapter.9}% 57
\BOOKMARK [2][-]{subsection.9.2.1}{\376\377\000s\000o\000l\000i\0008\000e}{section.9.2}% 58
\BOOKMARK [2][-]{subsection.9.2.2}{\376\377\000s\000o\000l\000i\0008\000s}{section.9.2}% 59
\BOOKMARK [2][-]{subsection.9.2.3}{\376\377\000s\000o\000l\000i\0008\000f}{section.9.2}% 60
\BOOKMARK [0][-]{chapter.10}{\376\377\000B\000e\000a\000m\000\040\000e\000l\000e\000m\000e\000n\000t\000\040\000f\000u\000n\000c\000t\000i\000o\000n\000s}{}% 61
\BOOKMARK [1][-]{section.10.1}{\376\377\0001\000D\000\040\000b\000e\000a\000m\000\040\000e\000l\000e\000m\000e\000n\000t\000s}{chapter.10}% 62
\BOOKMARK [2][-]{subsection.10.1.1}{\376\377\000b\000e\000a\000m\0001\000e}{section.10.1}% 63
\BOOKMARK [2][-]{subsection.10.1.2}{\376\377\000b\000e\000a\000m\0001\000s}{section.10.1}% 64
\BOOKMARK [2][-]{subsection.10.1.3}{\376\377\000b\000e\000a\000m\0001\000w\000e}{section.10.1}% 65
\BOOKMARK [2][-]{subsection.10.1.4}{\376\377\000b\000e\000a\000m\0001\000w\000s}{section.10.1}% 66
\BOOKMARK [1][-]{section.10.2}{\376\377\0002\000D\000\040\000b\000e\000a\000m\000\040\000e\000l\000e\000m\000e\000n\000t\000s}{chapter.10}% 67
\BOOKMARK [2][-]{subsection.10.2.1}{\376\377\000b\000e\000a\000m\0002\000e}{section.10.2}% 68
\BOOKMARK [2][-]{subsection.10.2.2}{\376\377\000b\000e\000a\000m\0002\000s}{section.10.2}% 69
\BOOKMARK [2][-]{subsection.10.2.3}{\376\377\000b\000e\000a\000m\0002\000t\000e}{section.10.2}% 70
\BOOKMARK [2][-]{subsection.10.2.4}{\376\377\000b\000e\000a\000m\0002\000t\000s}{section.10.2}% 71
\BOOKMARK [2][-]{subsection.10.2.5}{\376\377\000b\000e\000a\000m\0002\000w\000e}{section.10.2}% 72
\BOOKMARK [2][-]{subsection.10.2.6}{\376\377\000b\000e\000a\000m\0002\000w\000s}{section.10.2}% 73
\BOOKMARK [2][-]{subsection.10.2.7}{\376\377\000b\000e\000a\000m\0002\000g\000e}{section.10.2}% 74
\BOOKMARK [2][-]{subsection.10.2.8}{\376\377\000b\000e\000a\000m\0002\000g\000s}{section.10.2}% 75
\BOOKMARK [2][-]{subsection.10.2.9}{\376\377\000b\000e\000a\000m\0002\000g\000x\000e}{section.10.2}% 76
\BOOKMARK [2][-]{subsection.10.2.10}{\376\377\000b\000e\000a\000m\0002\000g\000x\000s}{section.10.2}% 77
\BOOKMARK [2][-]{subsection.10.2.11}{\376\377\000b\000e\000a\000m\0002\000d\000e}{section.10.2}% 78
\BOOKMARK [2][-]{subsection.10.2.12}{\376\377\000b\000e\000a\000m\0002\000d\000s}{section.10.2}% 79
\BOOKMARK [1][-]{section.10.3}{\376\377\0003\000D\000\040\000b\000e\000a\000m\000\040\000e\000l\000e\000m\000e\000n\000t\000s}{chapter.10}% 80
\BOOKMARK [2][-]{subsection.10.3.1}{\376\377\000b\000e\000a\000m\0003\000e}{section.10.3}% 81
\BOOKMARK [2][-]{subsection.10.3.2}{\376\377\000b\000e\000a\000m\0003\000s}{section.10.3}% 82
\BOOKMARK [0][-]{chapter.11}{\376\377\000P\000l\000a\000t\000e\000\040\000e\000l\000e\000m\000e\000n\000t\000\040\000f\000u\000n\000c\000t\000i\000o\000n\000s}{}% 83
\BOOKMARK [1][-]{section.11.1}{\376\377\000p\000l\000a\000t\000r\000e}{chapter.11}% 84
\BOOKMARK [1][-]{section.11.2}{\376\377\000p\000l\000a\000t\000r\000s}{chapter.11}% 85
\BOOKMARK [0][-]{chapter.12}{\376\377\000S\000y\000s\000t\000e\000m\000\040\000f\000u\000n\000c\000t\000i\000o\000n\000s}{}% 86
\BOOKMARK [1][-]{section.12.1}{\376\377\000S\000t\000a\000t\000i\000c\000\040\000s\000y\000s\000t\000e\000m\000\040\000f\000u\000n\000c\000t\000i\000o\000n\000s}{chapter.12}% 87
\BOOKMARK [2][-]{subsection.12.1.1}{\376\377\000a\000s\000s\000e\000m}{section.12.1}% 88
\BOOKMARK [2][-]{subsection.12.1.2}{\376\377\000c\000o\000o\000r\000d\000x\000t\000r}{section.12.1}% 89
\BOOKMARK [2][-]{subsection.12.1.3}{\376\377\000e\000i\000g\000e\000n}{section.12.1}% 90
\BOOKMARK [2][-]{subsection.12.1.4}{\376\377\000e\000x\000t\000r\000a\000c\000t\000\137\000e\000d}{section.12.1}% 91
\BOOKMARK [2][-]{subsection.12.1.5}{\376\377\000r\000e\000d}{section.12.1}% 92
\BOOKMARK [2][-]{subsection.12.1.6}{\376\377\000s\000o\000l\000v\000e\000q}{section.12.1}% 93
\BOOKMARK [2][-]{subsection.12.1.7}{\376\377\000s\000t\000a\000t\000c\000o\000n}{section.12.1}% 94
\BOOKMARK [1][-]{section.12.2}{\376\377\000D\000y\000n\000a\000m\000i\000c\000\040\000s\000y\000s\000t\000e\000m\000\040\000f\000u\000n\000c\000t\000i\000o\000n\000s}{chapter.12}% 95
\BOOKMARK [2][-]{subsection.12.2.1}{\376\377\000d\000y\000n\000a\0002}{section.12.2}% 96
\BOOKMARK [2][-]{subsection.12.2.2}{\376\377\000d\000y\000n\000a\0002\000f}{section.12.2}% 97
\BOOKMARK [2][-]{subsection.12.2.3}{\376\377\000f\000f\000t}{section.12.2}% 98
\BOOKMARK [2][-]{subsection.12.2.4}{\376\377\000f\000r\000e\000q\000r\000e\000s\000p}{section.12.2}% 99
\BOOKMARK [1][-]{section.12.3}{\376\377\000g\000f\000u\000n\000c}{chapter.12}% 100
\BOOKMARK [2][-]{subsection.12.3.1}{\376\377\000i\000f\000f\000t}{section.12.3}% 101
\BOOKMARK [2][-]{subsection.12.3.2}{\376\377\000r\000i\000t\000z}{section.12.3}% 102
\BOOKMARK [2][-]{subsection.12.3.3}{\376\377\000s\000p\000e\000c\000t\000r\000a}{section.12.3}% 103
\BOOKMARK [2][-]{subsection.12.3.4}{\376\377\000s\000t\000e\000p\0001}{section.12.3}% 104
\BOOKMARK [2][-]{subsection.12.3.5}{\376\377\000s\000t\000e\000p\0002}{section.12.3}% 105
\BOOKMARK [2][-]{subsection.12.3.6}{\376\377\000s\000w\000e\000e\000p}{section.12.3}% 106
\BOOKMARK [0][-]{chapter.13}{\376\377\000S\000t\000a\000t\000e\000m\000e\000n\000t\000s}{}% 107
\BOOKMARK [0][-]{chapter.14}{\376\377\000G\000r\000a\000p\000h\000i\000c\000s\000\040\000f\000u\000n\000c\000t\000i\000o\000n\000s}{}% 108
\BOOKMARK [1][-]{section.14.1}{\376\377\000T\000w\000o\000\040\000d\000i\000m\000e\000n\000s\000i\000o\000n\000a\000l\000\040\000g\000r\000a\000p\000h\000i\000c\000s\000\040\000f\000u\000n\000c\000t\000i\000o\000n\000s}{chapter.14}% 109
\BOOKMARK [2][-]{subsection.14.1.1}{\376\377\000d\000i\000s\000p\000b\000e\000a\000m\0002}{section.14.1}% 110
\BOOKMARK [2][-]{subsection.14.1.2}{\376\377\000e\000l\000d\000r\000a\000w\0002}{section.14.1}% 111
\BOOKMARK [2][-]{subsection.14.1.3}{\376\377\000e\000l\000d\000i\000s\000p\0002}{section.14.1}% 112
\BOOKMARK [2][-]{subsection.14.1.4}{\376\377\000e\000l\000f\000l\000u\000x\0002}{section.14.1}% 113
\BOOKMARK [2][-]{subsection.14.1.5}{\376\377\000e\000l\000i\000s\000o\0002}{section.14.1}% 114
\BOOKMARK [2][-]{subsection.14.1.6}{\376\377\000e\000l\000p\000r\000i\000n\000c\0002}{section.14.1}% 115
\BOOKMARK [2][-]{subsection.14.1.7}{\376\377\000s\000c\000a\000l\000f\000a\000c\000t\0002}{section.14.1}% 116
\BOOKMARK [2][-]{subsection.14.1.8}{\376\377\000s\000c\000a\000l\000g\000r\000a\000p\000h\0002}{section.14.1}% 117
\BOOKMARK [2][-]{subsection.14.1.9}{\376\377\000s\000e\000c\000f\000o\000r\000c\000e\0002}{section.14.1}% 118
\BOOKMARK [0][-]{chapter.15}{\376\377\000E\000x\000a\000m\000p\000l\000e\000s}{}% 119
\BOOKMARK [0][-]{section*.3}{\376\377\000I\000n\000d\000e\000x}{}% 120
