This is pdfTeX, Version 3.141592653-2.6-1.40.26 (MiKTeX 24.4) (preloaded format=pdflatex 2024.12.26)  25 MAY 2025 17:25
entering extended mode
 restricted \write18 enabled.
 %&-line parsing enabled.
**./calfem-afiniteelementtoolbox.tex
(calfem-afiniteelementtoolbox.tex
LaTeX2e <2024-11-01> patch level 1
L3 programming layer <2024-11-02>
(sphinxmanual.cls
Document Class: sphinxmanual 2019/12/01 v2.3.0 Document class (Sphinx manual)
(C:\Users\jonas\AppData\Local\Programs\MiKTeX\tex/latex/base\report.cls
Document Class: report 2024/06/29 v1.4n Standard LaTeX document class
(C:\Users\jonas\AppData\Local\Programs\MiKTeX\tex/latex/base\size10.clo
File: size10.clo 2024/06/29 v1.4n Standard LaTeX file (size option)
)
\c@part=\count196
\c@chapter=\count197
\c@section=\count198
\c@subsection=\count199
\c@subsubsection=\count266
\c@paragraph=\count267
\c@subparagraph=\count268
\c@figure=\count269
\c@table=\count270
\abovecaptionskip=\skip49
\belowcaptionskip=\skip50
\bibindent=\dimen141
)
LaTeX Info: Redefining \and on input line 35.
)
(C:\Users\jonas\AppData\Local\Programs\MiKTeX\tex/latex/base\inputenc.sty
Package: inputenc 2024/02/08 v1.3d Input encoding file
\inpenc@prehook=\toks17
\inpenc@posthook=\toks18
)
   defining Unicode char U+00A0 (decimal 160)
   defining Unicode char U+2500 (decimal 9472)
   defining Unicode char U+2502 (decimal 9474)
   defining Unicode char U+2514 (decimal 9492)
   defining Unicode char U+251C (decimal 9500)
   defining Unicode char U+2572 (decimal 9586)

(C:\Users\jonas\AppData\Local\Programs\MiKTeX\tex/latex/cmap\cmap.sty
Package: cmap 2021/02/06 v1.0j CMap support: searchable PDF
)
(C:\Users\jonas\AppData\Local\Programs\MiKTeX\tex/latex/base\fontenc.sty
Package: fontenc 2021/04/29 v2.0v Standard LaTeX package
<<t1.cmap>>)
(C:\Users\jonas\AppData\Local\Programs\MiKTeX\tex/latex/amsmath\amsmath.sty
Package: amsmath 2024/11/05 v2.17t AMS math features
\@mathmargin=\skip51

For additional information on amsmath, use the `?' option.
(C:\Users\jonas\AppData\Local\Programs\MiKTeX\tex/latex/amsmath\amstext.sty
Package: amstext 2021/08/26 v2.01 AMS text

(C:\Users\jonas\AppData\Local\Programs\MiKTeX\tex/latex/amsmath\amsgen.sty
File: amsgen.sty 1999/11/30 v2.0 generic functions
\@emptytoks=\toks19
\ex@=\dimen142
))
(C:\Users\jonas\AppData\Local\Programs\MiKTeX\tex/latex/amsmath\amsbsy.sty
Package: amsbsy 1999/11/29 v1.2d Bold Symbols
\pmbraise@=\dimen143
)
(C:\Users\jonas\AppData\Local\Programs\MiKTeX\tex/latex/amsmath\amsopn.sty
Package: amsopn 2022/04/08 v2.04 operator names
)
\inf@bad=\count271
LaTeX Info: Redefining \frac on input line 233.
\uproot@=\count272
\leftroot@=\count273
LaTeX Info: Redefining \overline on input line 398.
LaTeX Info: Redefining \colon on input line 409.
\classnum@=\count274
\DOTSCASE@=\count275
LaTeX Info: Redefining \ldots on input line 495.
LaTeX Info: Redefining \dots on input line 498.
LaTeX Info: Redefining \cdots on input line 619.
\Mathstrutbox@=\box52
\strutbox@=\box53
LaTeX Info: Redefining \big on input line 721.
LaTeX Info: Redefining \Big on input line 722.
LaTeX Info: Redefining \bigg on input line 723.
LaTeX Info: Redefining \Bigg on input line 724.
\big@size=\dimen144
LaTeX Font Info:    Redeclaring font encoding OML on input line 742.
LaTeX Font Info:    Redeclaring font encoding OMS on input line 743.
\macc@depth=\count276
LaTeX Info: Redefining \bmod on input line 904.
LaTeX Info: Redefining \pmod on input line 909.
LaTeX Info: Redefining \smash on input line 939.
LaTeX Info: Redefining \relbar on input line 969.
LaTeX Info: Redefining \Relbar on input line 970.
\c@MaxMatrixCols=\count277
\dotsspace@=\muskip17
\c@parentequation=\count278
\dspbrk@lvl=\count279
\tag@help=\toks20
\row@=\count280
\column@=\count281
\maxfields@=\count282
\andhelp@=\toks21
\eqnshift@=\dimen145
\alignsep@=\dimen146
\tagshift@=\dimen147
\tagwidth@=\dimen148
\totwidth@=\dimen149
\lineht@=\dimen150
\@envbody=\toks22
\multlinegap=\skip52
\multlinetaggap=\skip53
\mathdisplay@stack=\toks23
LaTeX Info: Redefining \[ on input line 2953.
LaTeX Info: Redefining \] on input line 2954.
)
(C:\Users\jonas\AppData\Local\Programs\MiKTeX\tex/latex/amsfonts\amssymb.sty
Package: amssymb 2013/01/14 v3.01 AMS font symbols

(C:\Users\jonas\AppData\Local\Programs\MiKTeX\tex/latex/amsfonts\amsfonts.sty
Package: amsfonts 2013/01/14 v3.01 Basic AMSFonts support
\symAMSa=\mathgroup4
\symAMSb=\mathgroup5
LaTeX Font Info:    Redeclaring math symbol \hbar on input line 98.
LaTeX Font Info:    Overwriting math alphabet `\mathfrak' in version `bold'
(Font)                  U/euf/m/n --> U/euf/b/n on input line 106.
)) (C:\Users\jonas\AppData\Local\Programs\MiKTeX\tex/generic/babel\babel.sty
Package: babel 2024/11/30 v24.14 The multilingual framework for pdfLaTeX, LuaLa
TeX and XeLaTeX
\babel@savecnt=\count283
\U@D=\dimen151
\l@unhyphenated=\language79

(C:\Users\jonas\AppData\Local\Programs\MiKTeX\tex/generic/babel\txtbabel.def)
\bbl@readstream=\read2
\bbl@dirlevel=\count284

*************************************
* Local config file bblopts.cfg used
*
(C:\Users\jonas\AppData\Local\Programs\MiKTeX\tex/latex/arabi\bblopts.cfg
File: bblopts.cfg 2005/09/08 v0.1 add Arabic and Farsi to "declared" options of
 babel
)
(C:\Users\jonas\AppData\Local\Programs\MiKTeX\tex/latex/babel-english\english.l
df
Language: english 2017/06/06 v3.3r English support from the babel system
Package babel Info: Hyphen rules for 'canadian' set to \l@english
(babel)             (\language0). Reported on input line 102.
Package babel Info: Hyphen rules for 'australian' set to \l@ukenglish
(babel)             (\language73). Reported on input line 105.
Package babel Info: Hyphen rules for 'newzealand' set to \l@ukenglish
(babel)             (\language73). Reported on input line 108.
))
(C:\Users\jonas\AppData\Local\Programs\MiKTeX\tex/generic/babel/locale/en\babel
-english.tex
Package babel Info: Importing font and identification data for english
(babel)             from babel-en.ini. Reported on input line 11.
)
(C:\Users\jonas\AppData\Local\Programs\MiKTeX\tex/latex/tex-gyre\tgtermes.sty
Package: tgtermes 2009/09/27 v1.2 TeX Gyre Termes as default roman family

(C:\Users\jonas\AppData\Local\Programs\MiKTeX\tex/latex/kvoptions\kvoptions.sty
Package: kvoptions 2022-06-15 v3.15 Key value format for package options (HO)
(C:\Users\jonas\AppData\Local\Programs\MiKTeX\tex/latex/graphics\keyval.sty
Package: keyval 2022/05/29 v1.15 key=value parser (DPC)
\KV@toks@=\toks24
)
(C:\Users\jonas\AppData\Local\Programs\MiKTeX\tex/generic/ltxcmds\ltxcmds.sty
Package: ltxcmds 2023-12-04 v1.26 LaTeX kernel commands for general use (HO)
)
(C:\Users\jonas\AppData\Local\Programs\MiKTeX\tex/latex/kvsetkeys\kvsetkeys.sty
Package: kvsetkeys 2022-10-05 v1.19 Key value parser (HO)
)))
(C:\Users\jonas\AppData\Local\Programs\MiKTeX\tex/latex/tex-gyre\tgheros.sty
Package: tgheros 2009/09/27 v1.2 TeX Gyre Heros as default sans serif family
)
(C:\Users\jonas\AppData\Local\Programs\MiKTeX\tex/latex/fncychap\fncychap.sty
Package: fncychap 2007/07/30 v1.34 LaTeX package (Revised chapters)
\RW=\skip54
\mylen=\skip55
\myhi=\skip56
\px=\skip57
\py=\skip58
\pyy=\skip59
\pxx=\skip60
\c@AlphaCnt=\count285
\c@AlphaDecCnt=\count286
)
(sphinx.sty
Package: sphinx 2024/10/11 v8.1.1 Sphinx LaTeX package (sphinx-doc)

(C:\Users\jonas\AppData\Local\Programs\MiKTeX\tex/latex/xcolor\xcolor.sty
Package: xcolor 2024/09/29 v3.02 LaTeX color extensions (UK)

(C:\Users\jonas\AppData\Local\Programs\MiKTeX\tex/latex/graphics-cfg\color.cfg
File: color.cfg 2016/01/02 v1.6 sample color configuration
)
Package xcolor Info: Driver file: pdftex.def on input line 274.

(C:\Users\jonas\AppData\Local\Programs\MiKTeX\tex/latex/graphics-def\pdftex.def
File: pdftex.def 2024/04/13 v1.2c Graphics/color driver for pdftex
)
(C:\Users\jonas\AppData\Local\Programs\MiKTeX\tex/latex/graphics\mathcolor.ltx)
Package xcolor Info: Model `cmy' substituted by `cmy0' on input line 1349.
Package xcolor Info: Model `hsb' substituted by `rgb' on input line 1353.
Package xcolor Info: Model `RGB' extended on input line 1365.
Package xcolor Info: Model `HTML' substituted by `rgb' on input line 1367.
Package xcolor Info: Model `Hsb' substituted by `hsb' on input line 1368.
Package xcolor Info: Model `tHsb' substituted by `hsb' on input line 1369.
Package xcolor Info: Model `HSB' substituted by `hsb' on input line 1370.
Package xcolor Info: Model `Gray' substituted by `gray' on input line 1371.
Package xcolor Info: Model `wave' substituted by `hsb' on input line 1372.
) (sphinxoptionshyperref.sty
Package: sphinxoptionshyperref 2021/01/27 hyperref
) (sphinxoptionsgeometry.sty
Package: sphinxoptionsgeometry 2021/01/27 geometry
)
(C:\Users\jonas\AppData\Local\Programs\MiKTeX\tex/latex/base\textcomp.sty
Package: textcomp 2024/04/24 v2.1b Standard LaTeX package
)
(C:\Users\jonas\AppData\Local\Programs\MiKTeX\tex/latex/float\float.sty
Package: float 2001/11/08 v1.3d Float enhancements (AL)
\c@float@type=\count287
\float@exts=\toks25
\float@box=\box54
\@float@everytoks=\toks26
\@floatcapt=\box55
)
(C:\Users\jonas\AppData\Local\Programs\MiKTeX\tex/latex/wrapfig\wrapfig.sty
\wrapoverhang=\dimen152
\WF@size=\dimen153
\c@WF@wrappedlines=\count288
\WF@box=\box56
\WF@everypar=\toks27
Package: wrapfig 2003/01/31  v 3.6
)
(C:\Users\jonas\AppData\Local\Programs\MiKTeX\tex/latex/capt-of\capt-of.sty
Package: capt-of 2009/12/29 v0.2 standard captions outside of floats
)
(C:\Users\jonas\AppData\Local\Programs\MiKTeX\tex/latex/tools\multicol.sty
Package: multicol 2024/09/14 v1.9i multicolumn formatting (FMi)
\c@tracingmulticols=\count289
\mult@box=\box57
\multicol@leftmargin=\dimen154
\c@unbalance=\count290
\c@collectmore=\count291
\doublecol@number=\count292
\multicoltolerance=\count293
\multicolpretolerance=\count294
\full@width=\dimen155
\page@free=\dimen156
\premulticols=\dimen157
\postmulticols=\dimen158
\multicolsep=\skip61
\multicolbaselineskip=\skip62
\partial@page=\box58
\last@line=\box59
\mc@boxedresult=\box60
\maxbalancingoverflow=\dimen159
\mult@rightbox=\box61
\mult@grightbox=\box62
\mult@firstbox=\box63
\mult@gfirstbox=\box64
\@tempa=\box65
\@tempa=\box66
\@tempa=\box67
\@tempa=\box68
\@tempa=\box69
\@tempa=\box70
\@tempa=\box71
\@tempa=\box72
\@tempa=\box73
\@tempa=\box74
\@tempa=\box75
\@tempa=\box76
\@tempa=\box77
\@tempa=\box78
\@tempa=\box79
\@tempa=\box80
\@tempa=\box81
\@tempa=\box82
\@tempa=\box83
\@tempa=\box84
\@tempa=\box85
\@tempa=\box86
\@tempa=\box87
\@tempa=\box88
\@tempa=\box89
\@tempa=\box90
\@tempa=\box91
\@tempa=\box92
\@tempa=\box93
\@tempa=\box94
\@tempa=\box95
\@tempa=\box96
\@tempa=\box97
\@tempa=\box98
\@tempa=\box99
\@tempa=\box100
\c@minrows=\count295
\c@columnbadness=\count296
\c@finalcolumnbadness=\count297
\last@try=\dimen160
\multicolovershoot=\dimen161
\multicolundershoot=\dimen162
\mult@nat@firstbox=\box101
\colbreak@box=\box102
\mc@col@check@num=\count298
)
(C:\Users\jonas\AppData\Local\Programs\MiKTeX\tex/latex/graphics\graphicx.sty
Package: graphicx 2021/09/16 v1.2d Enhanced LaTeX Graphics (DPC,SPQR)

(C:\Users\jonas\AppData\Local\Programs\MiKTeX\tex/latex/graphics\graphics.sty
Package: graphics 2024/08/06 v1.4g Standard LaTeX Graphics (DPC,SPQR)

(C:\Users\jonas\AppData\Local\Programs\MiKTeX\tex/latex/graphics\trig.sty
Package: trig 2023/12/02 v1.11 sin cos tan (DPC)
)
(C:\Users\jonas\AppData\Local\Programs\MiKTeX\tex/latex/graphics-cfg\graphics.c
fg
File: graphics.cfg 2016/06/04 v1.11 sample graphics configuration
)
Package graphics Info: Driver file: pdftex.def on input line 106.
)
\Gin@req@height=\dimen163
\Gin@req@width=\dimen164
) (sphinxlatexgraphics.sty
Package: sphinxlatexgraphics 2024/08/13 v8.1.0 graphics
\spx@image@maxheight=\dimen165
\spx@image@box=\box103
) (sphinxpackageboxes.sty
Package: sphinxpackageboxes 2024/07/01 v7.4.0 advanced colored boxes

(C:\Users\jonas\AppData\Local\Programs\MiKTeX\tex/latex/pict2e\pict2e.sty
Package: pict2e 2020/09/30 v0.4b Improved picture commands (HjG,RN,JT)

(C:\Users\jonas\AppData\Local\Programs\MiKTeX\tex/latex/pict2e\pict2e.cfg
File: pict2e.cfg 2016/02/05 v0.1u pict2e configuration for teTeX/TeXLive
)
Package pict2e Info: Driver file: pdftex.def on input line 112.
Package pict2e Info: Driver file for pict2e: p2e-pdftex.def on input line 114.

(C:\Users\jonas\AppData\Local\Programs\MiKTeX\tex/latex/pict2e\p2e-pdftex.def
File: p2e-pdftex.def 2016/02/05 v0.1u Driver-dependant file (RN,HjG,JT)
)
\pIIe@GRAPH=\toks28
\@arclen=\dimen166
\@arcrad=\dimen167
\pIIe@tempdima=\dimen168
\pIIe@tempdimb=\dimen169
\pIIe@tempdimc=\dimen170
\pIIe@tempdimd=\dimen171
\pIIe@tempdime=\dimen172
\pIIe@tempdimf=\dimen173
) (C:\Users\jonas\AppData\Local\Programs\MiKTeX\tex/latex/ellipse\ellipse.sty
Package: ellipse 2004/11/05 v1.0 .dtx ellipse file
)
\@tempdimd=\dimen174
\spx@tempboxa=\box104
\spx@tempboxb=\box105
\spx@boxes@border@top=\dimen175
\spx@boxes@border@right=\dimen176
\spx@boxes@border@bottom=\dimen177
\spx@boxes@border@left=\dimen178
\spx@boxes@padding@top=\dimen179
\spx@boxes@padding@right=\dimen180
\spx@boxes@padding@bottom=\dimen181
\spx@boxes@padding@left=\dimen182
\spx@boxes@shadow@xoffset=\dimen183
\spx@boxes@shadow@yoffset=\dimen184
\spx@boxes@radius@topleft@x=\dimen185
\spx@boxes@radius@topright@x=\dimen186
\spx@boxes@radius@bottomright@x=\dimen187
\spx@boxes@radius@bottomleft@x=\dimen188
\spx@boxes@radius@topleft@y=\dimen189
\spx@boxes@radius@topright@y=\dimen190
\spx@boxes@radius@bottomright@y=\dimen191
\spx@boxes@radius@bottomleft@y=\dimen192
)
(sphinxlatexadmonitions.sty
Package: sphinxlatexadmonitions 2024/10/11 v8.1.1 admonitions

(C:\Users\jonas\AppData\Local\Programs\MiKTeX\tex/latex/framed\framed.sty
Package: framed 2011/10/22 v 0.96: framed or shaded text with page breaks
\OuterFrameSep=\skip63
\fb@frw=\dimen193
\fb@frh=\dimen194
\FrameRule=\dimen195
\FrameSep=\dimen196
)
(sphinxpackagefootnote.sty
Package: sphinxpackagefootnote 2024/05/17 v7.3.x Sphinx custom footnotehyper pa
ckage (Sphinx team)
\FNH@notes=\box106
\FNH@toks=\toks29
\FNH@width=\dimen197
\c@sphinxfootnotemark=\count299
)
\spx@notice@border=\dimen198
\c@sphinxtodo=\count300
) (sphinxlatexliterals.sty
Package: sphinxlatexliterals 2024/07/01 v7.4.0 code-blocks and parsed literals

(C:\Users\jonas\AppData\Local\Programs\MiKTeX\tex/latex/fancyvrb\fancyvrb.sty
Package: fancyvrb 2024/01/20 4.5c verbatim text (tvz,hv)
\FV@CodeLineNo=\count301
\FV@InFile=\read3
\FV@TabBox=\box107
\c@FancyVerbLine=\count302
\FV@StepNumber=\count303
\FV@OutFile=\write3
)
(C:\Users\jonas\AppData\Local\Programs\MiKTeX\tex/latex/base\alltt.sty
Package: alltt 2024/07/07 v2.0g defines alltt environment
)
(C:\Users\jonas\AppData\Local\Programs\MiKTeX\tex/latex/upquote\upquote.sty
Package: upquote 2012/04/19 v1.3 upright-quote and grave-accent glyphs in verba
tim
)
(C:\Users\jonas\AppData\Local\Programs\MiKTeX\tex/latex/needspace\needspace.sty
Package: needspace 2010/09/12 v1.3d reserve vertical space
)
\sphinxcontinuationbox=\box108
\sphinxvisiblespacebox=\box109
\sphinxVerbatim@TitleBox=\box110
\sphinxVerbatim@ContentsBox=\box111
) (sphinxlatexshadowbox.sty
Package: sphinxlatexshadowbox 2024/07/28 v8.1.0 sphinxShadowBox
) (sphinxlatexcontainers.sty
Package: sphinxlatexcontainers 2021/05/03 containers
) (sphinxhighlight.sty
Package: sphinxhighlight 2022/06/30 stylesheet for highlighting with pygments
) (sphinxlatextables.sty
Package: sphinxlatextables 2024/07/01 v7.4.0 tables

(C:\Users\jonas\AppData\Local\Programs\MiKTeX\tex/latex/tabulary\tabulary.sty
Package: tabulary 2024/06/04 v0.11 tabulary package (DPC)

(C:\Users\jonas\AppData\Local\Programs\MiKTeX\tex/latex/tools\array.sty
Package: array 2024/10/17 v2.6g Tabular extension package (FMi)
\col@sep=\dimen199
\ar@mcellbox=\box112
\extrarowheight=\dimen256
\NC@list=\toks30
\extratabsurround=\skip64
\backup@length=\skip65
\ar@cellbox=\box113
)
\TY@count=\count304
\TY@linewidth=\dimen257
\tymin=\dimen258
\tymax=\dimen259
\TY@tablewidth=\dimen260
)
(C:\Users\jonas\AppData\Local\Programs\MiKTeX\tex/latex/tools\longtable.sty
Package: longtable 2024-10-27 v4.22 Multi-page Table package (DPC)
\LTleft=\skip66
\LTright=\skip67
\LTpre=\skip68
\LTpost=\skip69
\LTchunksize=\count305
\LTcapwidth=\dimen261
\LT@head=\box114
\LT@firsthead=\box115
\LT@foot=\box116
\LT@lastfoot=\box117
\LT@gbox=\box118
\LT@cols=\count306
\LT@rows=\count307
\c@LT@tables=\count308
\c@LT@chunks=\count309
\LT@p@ftn=\toks31
)
(C:\Users\jonas\AppData\Local\Programs\MiKTeX\tex/latex/varwidth\varwidth.sty
Package: varwidth 2009/03/30 ver 0.92;  Variable-width minipages
\@vwid@box=\box119
\sift@deathcycles=\count310
\@vwid@loff=\dimen262
\@vwid@roff=\dimen263
)
\sphinx@TY@tablewidth=\dimen264

(C:\Users\jonas\AppData\Local\Programs\MiKTeX\tex/latex/colortbl\colortbl.sty
Package: colortbl 2024/07/06 v1.0i Color table columns (DPC)
\everycr=\toks32
\minrowclearance=\skip70
\rownum=\count311
)
(C:\Users\jonas\AppData\Local\Programs\MiKTeX\tex/latex/booktabs\booktabs.sty
Package: booktabs 2020/01/12 v1.61803398 Publication quality tables
\heavyrulewidth=\dimen265
\lightrulewidth=\dimen266
\cmidrulewidth=\dimen267
\belowrulesep=\dimen268
\belowbottomsep=\dimen269
\aboverulesep=\dimen270
\abovetopsep=\dimen271
\cmidrulesep=\dimen272
\cmidrulekern=\dimen273
\defaultaddspace=\dimen274
\@cmidla=\count312
\@cmidlb=\count313
\@aboverulesep=\dimen275
\@belowrulesep=\dimen276
\@thisruleclass=\count314
\@lastruleclass=\count315
\@thisrulewidth=\dimen277
)) (sphinxlatexnumfig.sty
Package: sphinxlatexnumfig 2024/07/31 v8.1.0 numbering
) (sphinxlatexlists.sty
Package: sphinxlatexlists 2021/12/20 lists
\spx@lineitemlabel=\toks33
)
\c@sphinxscope=\count316
 (sphinxlatexindbibtoc.sty
Package: sphinxlatexindbibtoc 2021/01/27 index, bib., toc

(C:\Users\jonas\AppData\Local\Programs\MiKTeX\tex/latex/base\makeidx.sty
Package: makeidx 2021/10/04 v1.0m Standard LaTeX package
))
(sphinxlatexstylepage.sty
Package: sphinxlatexstylepage 2021/01/27 page styling

(C:\Users\jonas\AppData\Local\Programs\MiKTeX\tex/latex/parskip\parskip.sty
Package: parskip 2021-03-14 v2.0h non-zero parskip adjustments

(C:\Users\jonas\AppData\Local\Programs\MiKTeX\tex/latex/etoolbox\etoolbox.sty
Package: etoolbox 2020/10/05 v2.5k e-TeX tools for LaTeX (JAW)
\etb@tempcnta=\count317
)) (C:\Users\jonas\AppData\Local\Programs\MiKTeX\tex/latex/fancyhdr\fancyhdr.st
y
Package: fancyhdr 2024/12/09 v4.5 Extensive control of page headers and footers

\f@nch@headwidth=\skip71
\f@nch@O@elh=\skip72
\f@nch@O@erh=\skip73
\f@nch@O@olh=\skip74
\f@nch@O@orh=\skip75
\f@nch@O@elf=\skip76
\f@nch@O@erf=\skip77
\f@nch@O@olf=\skip78
\f@nch@O@orf=\skip79
)) (sphinxlatexstyleheadings.sty
Package: sphinxlatexstyleheadings 2023/02/11 headings

(C:\Users\jonas\AppData\Local\Programs\MiKTeX\tex/latex/titlesec\titlesec.sty
Package: titlesec 2023/10/27 v2.16 Sectioning titles
\ttl@box=\box120
\beforetitleunit=\skip80
\aftertitleunit=\skip81
\ttl@plus=\dimen278
\ttl@minus=\dimen279
\ttl@toksa=\toks34
\titlewidth=\dimen280
\titlewidthlast=\dimen281
\titlewidthfirst=\dimen282
)) (sphinxlatexstyletext.sty
Package: sphinxlatexstyletext 2024/07/28 v8.1.0 text styling
) (sphinxlatexobjects.sty
Package: sphinxlatexobjects 2023/07/23 documentation environments
\sphinxsignaturesep=\skip82
\sphinxsignaturelistskip=\skip83
\py@argswidth=\skip84
\lineblockindentation=\skip85
\DUlineblockindent=\skip86
))
(C:\Users\jonas\AppData\Local\Programs\MiKTeX\tex/latex/geometry\geometry.sty
Package: geometry 2020/01/02 v5.9 Page Geometry

(C:\Users\jonas\AppData\Local\Programs\MiKTeX\tex/generic/iftex\ifvtex.sty
Package: ifvtex 2019/10/25 v1.7 ifvtex legacy package. Use iftex instead.

(C:\Users\jonas\AppData\Local\Programs\MiKTeX\tex/generic/iftex\iftex.sty
Package: iftex 2024/12/12 v1.0g TeX engine tests
))
\Gm@cnth=\count318
\Gm@cntv=\count319
\c@Gm@tempcnt=\count320
\Gm@bindingoffset=\dimen283
\Gm@wd@mp=\dimen284
\Gm@odd@mp=\dimen285
\Gm@even@mp=\dimen286
\Gm@layoutwidth=\dimen287
\Gm@layoutheight=\dimen288
\Gm@layouthoffset=\dimen289
\Gm@layoutvoffset=\dimen290
\Gm@dimlist=\toks35

(C:\Users\jonas\AppData\Local\Programs\MiKTeX\tex/latex/geometry\geometry.cfg))
(C:\Users\jonas\AppData\Local\Programs\MiKTeX\tex/latex/hyperref\hyperref.sty
Package: hyperref 2024-11-05 v7.01l Hypertext links for LaTeX

(C:\Users\jonas\AppData\Local\Programs\MiKTeX\tex/generic/kvdefinekeys\kvdefine
keys.sty
Package: kvdefinekeys 2019-12-19 v1.6 Define keys (HO)
)
(C:\Users\jonas\AppData\Local\Programs\MiKTeX\tex/generic/pdfescape\pdfescape.s
ty
Package: pdfescape 2019/12/09 v1.15 Implements pdfTeX's escape features (HO)

(C:\Users\jonas\AppData\Local\Programs\MiKTeX\tex/generic/pdftexcmds\pdftexcmds
.sty
Package: pdftexcmds 2020-06-27 v0.33 Utility functions of pdfTeX for LuaTeX (HO
)

(C:\Users\jonas\AppData\Local\Programs\MiKTeX\tex/generic/infwarerr\infwarerr.s
ty
Package: infwarerr 2019/12/03 v1.5 Providing info/warning/error messages (HO)
)
Package pdftexcmds Info: \pdf@primitive is available.
Package pdftexcmds Info: \pdf@ifprimitive is available.
Package pdftexcmds Info: \pdfdraftmode found.
))
(C:\Users\jonas\AppData\Local\Programs\MiKTeX\tex/latex/hycolor\hycolor.sty
Package: hycolor 2020-01-27 v1.10 Color options for hyperref/bookmark (HO)
)
(C:\Users\jonas\AppData\Local\Programs\MiKTeX\tex/latex/hyperref\nameref.sty
Package: nameref 2023-11-26 v2.56 Cross-referencing by name of section

(C:\Users\jonas\AppData\Local\Programs\MiKTeX\tex/latex/refcount\refcount.sty
Package: refcount 2019/12/15 v3.6 Data extraction from label references (HO)
)
(C:\Users\jonas\AppData\Local\Programs\MiKTeX\tex/generic/gettitlestring\gettit
lestring.sty
Package: gettitlestring 2019/12/15 v1.6 Cleanup title references (HO)
)
\c@section@level=\count321
)
(C:\Users\jonas\AppData\Local\Programs\MiKTeX\tex/generic/stringenc\stringenc.s
ty
Package: stringenc 2019/11/29 v1.12 Convert strings between diff. encodings (HO
)
)
\@linkdim=\dimen291
\Hy@linkcounter=\count322
\Hy@pagecounter=\count323
 (C:\Users\jonas\AppData\Local\Programs\MiKTeX\tex/latex/hyperref\pd1enc.def
File: pd1enc.def 2024-11-05 v7.01l Hyperref: PDFDocEncoding definition (HO)
Now handling font encoding PD1 ...
... no UTF-8 mapping file for font encoding PD1
) (C:\Users\jonas\AppData\Local\Programs\MiKTeX\tex/generic/intcalc\intcalc.sty
Package: intcalc 2019/12/15 v1.3 Expandable calculations with integers (HO)
)
\Hy@SavedSpaceFactor=\count324
 (C:\Users\jonas\AppData\Local\Programs\MiKTeX\tex/latex/hyperref\puenc.def
File: puenc.def 2024-11-05 v7.01l Hyperref: PDF Unicode definition (HO)
Now handling font encoding PU ...
... no UTF-8 mapping file for font encoding PU
)
Package hyperref Info: Option `unicode' set `true' on input line 4040.
Package hyperref Info: Option `colorlinks' set `true' on input line 4040.
Package hyperref Info: Option `breaklinks' set `true' on input line 4040.
Package hyperref Info: Hyper figures OFF on input line 4157.
Package hyperref Info: Link nesting OFF on input line 4162.
Package hyperref Info: Hyper index ON on input line 4165.
Package hyperref Info: Plain pages OFF on input line 4172.
Package hyperref Info: Backreferencing OFF on input line 4177.
Package hyperref Info: Implicit mode ON; LaTeX internals redefined.
Package hyperref Info: Bookmarks ON on input line 4424.
\c@Hy@tempcnt=\count325

(C:\Users\jonas\AppData\Local\Programs\MiKTeX\tex/latex/url\url.sty
\Urlmuskip=\muskip18
Package: url 2013/09/16  ver 3.4  Verb mode for urls, etc.
)
LaTeX Info: Redefining \url on input line 4763.
\XeTeXLinkMargin=\dimen292

(C:\Users\jonas\AppData\Local\Programs\MiKTeX\tex/generic/bitset\bitset.sty
Package: bitset 2019/12/09 v1.3 Handle bit-vector datatype (HO)

(C:\Users\jonas\AppData\Local\Programs\MiKTeX\tex/generic/bigintcalc\bigintcalc
.sty
Package: bigintcalc 2019/12/15 v1.5 Expandable calculations on big integers (HO
)
))
\Fld@menulength=\count326
\Field@Width=\dimen293
\Fld@charsize=\dimen294
Package hyperref Info: Hyper figures OFF on input line 6042.
Package hyperref Info: Link nesting OFF on input line 6047.
Package hyperref Info: Hyper index ON on input line 6050.
Package hyperref Info: backreferencing OFF on input line 6057.
Package hyperref Info: Link coloring ON on input line 6060.
Package hyperref Info: Link coloring with OCG OFF on input line 6067.
Package hyperref Info: PDF/A mode OFF on input line 6072.

(C:\Users\jonas\AppData\Local\Programs\MiKTeX\tex/latex/base\atbegshi-ltx.sty
Package: atbegshi-ltx 2021/01/10 v1.0c Emulation of the original atbegshi
package with kernel methods
)
\Hy@abspage=\count327
\c@Item=\count328
\c@Hfootnote=\count329
)
Package hyperref Info: Driver (autodetected): hpdftex.
(C:\Users\jonas\AppData\Local\Programs\MiKTeX\tex/latex/hyperref\hpdftex.def
File: hpdftex.def 2024-11-05 v7.01l Hyperref driver for pdfTeX

(C:\Users\jonas\AppData\Local\Programs\MiKTeX\tex/latex/base\atveryend-ltx.sty
Package: atveryend-ltx 2020/08/19 v1.0a Emulation of the original atveryend pac
kage
with kernel methods
)
\Fld@listcount=\count330
\c@bookmark@seq@number=\count331

(C:\Users\jonas\AppData\Local\Programs\MiKTeX\tex/latex/rerunfilecheck\rerunfil
echeck.sty
Package: rerunfilecheck 2022-07-10 v1.10 Rerun checks for auxiliary files (HO)

(C:\Users\jonas\AppData\Local\Programs\MiKTeX\tex/generic/uniquecounter\uniquec
ounter.sty
Package: uniquecounter 2019/12/15 v1.4 Provide unlimited unique counter (HO)
)
Package uniquecounter Info: New unique counter `rerunfilecheck' on input line 2
85.
)
\Hy@SectionHShift=\skip87
)
(C:\Users\jonas\AppData\Local\Programs\MiKTeX\tex/latex/hypcap\hypcap.sty
Package: hypcap 2024-07-26 v1.13 Adjusting the anchors of captions (HO)

(C:\Users\jonas\AppData\Local\Programs\MiKTeX\tex/latex/letltxmacro\letltxmacro
.sty
Package: letltxmacro 2019/12/03 v1.6 Let assignment for LaTeX macros (HO)
)) (sphinxmessages.sty
Package: sphinxmessages 2019/01/04 v2.0 Localized LaTeX macros (Sphinx team)
)
\@indexfile=\write4
\openout4 = `calfem-afiniteelementtoolbox.idx'.


Writing index file calfem-afiniteelementtoolbox.idx
LaTeX Font Info:    Trying to load font information for T1+qtm on input line 76
.
(C:\Users\jonas\AppData\Local\Programs\MiKTeX\tex/latex/tex-gyre\t1qtm.fd
File: t1qtm.fd 2009/09/25 v1.2 font definition file for T1/qtm
)
(C:\Users\jonas\AppData\Local\Programs\MiKTeX\tex/latex/l3backend\l3backend-pdf
tex.def
File: l3backend-pdftex.def 2024-05-08 L3 backend support: PDF output (pdfTeX)
\l__color_backend_stack_int=\count332
\l__pdf_internal_box=\box121
) (calfem-afiniteelementtoolbox.aux)
\openout1 = `calfem-afiniteelementtoolbox.aux'.

LaTeX Font Info:    Checking defaults for OML/cmm/m/it on input line 76.
LaTeX Font Info:    ... okay on input line 76.
LaTeX Font Info:    Checking defaults for OMS/cmsy/m/n on input line 76.
LaTeX Font Info:    ... okay on input line 76.
LaTeX Font Info:    Checking defaults for OT1/cmr/m/n on input line 76.
LaTeX Font Info:    ... okay on input line 76.
LaTeX Font Info:    Checking defaults for T1/cmr/m/n on input line 76.
LaTeX Font Info:    ... okay on input line 76.
LaTeX Font Info:    Checking defaults for TS1/cmr/m/n on input line 76.
LaTeX Font Info:    ... okay on input line 76.
LaTeX Font Info:    Checking defaults for OMX/cmex/m/n on input line 76.
LaTeX Font Info:    ... okay on input line 76.
LaTeX Font Info:    Checking defaults for U/cmr/m/n on input line 76.
LaTeX Font Info:    ... okay on input line 76.
LaTeX Font Info:    Checking defaults for PD1/pdf/m/n on input line 76.
LaTeX Font Info:    ... okay on input line 76.
LaTeX Font Info:    Checking defaults for PU/pdf/m/n on input line 76.
LaTeX Font Info:    ... okay on input line 76.

(C:\Users\jonas\AppData\Local\Programs\MiKTeX\tex/context/base/mkii\supp-pdf.mk
ii
[Loading MPS to PDF converter (version 2006.09.02).]
\scratchcounter=\count333
\scratchdimen=\dimen295
\scratchbox=\box122
\nofMPsegments=\count334
\nofMParguments=\count335
\everyMPshowfont=\toks36
\MPscratchCnt=\count336
\MPscratchDim=\dimen296
\MPnumerator=\count337
\makeMPintoPDFobject=\count338
\everyMPtoPDFconversion=\toks37
)
(C:\Users\jonas\AppData\Local\Programs\MiKTeX\tex/latex/epstopdf-pkg\epstopdf-b
ase.sty
Package: epstopdf-base 2020-01-24 v2.11 Base part for package epstopdf
Package epstopdf-base Info: Redefining graphics rule for `.eps' on input line 4
85.

(C:\Users\jonas\AppData\Local\Programs\MiKTeX\tex/latex/00miktex\epstopdf-sys.c
fg
File: epstopdf-sys.cfg 2021/03/18 v2.0 Configuration of epstopdf for MiKTeX
))
(C:\Users\jonas\AppData\Local\Programs\MiKTeX\tex/latex/fontawesome5\fontawesom
e5.sty
(C:\Users\jonas\AppData\Local\Programs\MiKTeX\tex/latex/l3kernel\expl3.sty
Package: expl3 2024-11-02 L3 programming layer (loader) 
)
Package: fontawesome5 2022/05/02 v5.15.4 Font Awesome 5

(C:\Users\jonas\AppData\Local\Programs\MiKTeX\tex/latex/l3packages/l3keys2e\l3k
eys2e.sty
Package: l3keys2e 2024-08-16 LaTeX2e option processing using LaTeX3 keys
)
(C:\Users\jonas\AppData\Local\Programs\MiKTeX\tex/latex/l3packages/xparse\xpars
e.sty
Package: xparse 2024-08-16 L3 Experimental document command parser
)
(C:\Users\jonas\AppData\Local\Programs\MiKTeX\tex/latex/fontawesome5\fontawesom
e5-generic-helper.sty
Package: fontawesome5-generic-helper 2022/05/02 v5.15.4 non-uTeX helper for fon
tawesome5

(C:\Users\jonas\AppData\Local\Programs\MiKTeX\tex/latex/fontawesome5\fontawesom
e5-mapping.def)))
\c@literalblock=\count339

*geometry* driver: auto-detecting
*geometry* detected driver: pdftex
*geometry* verbose mode - [ preamble ] result:
* driver: pdftex
* paper: a5paper
* layout: <same size as paper>
* layoutoffset:(h,v)=(0.0pt,0.0pt)
* modes: twoside 
* h-part:(L,W,R)=(42.67912pt, 335.74254pt, 42.67912pt)
* v-part:(T,H,B)=(56.9055pt, 483.69687pt, 56.9055pt)
* \paperwidth=421.10078pt
* \paperheight=597.50787pt
* \textwidth=335.74254pt
* \textheight=483.69687pt
* \oddsidemargin=-29.59087pt
* \evensidemargin=-29.59087pt
* \topmargin=-52.36449pt
* \headheight=12.0pt
* \headsep=25.0pt
* \topskip=10.0pt
* \footskip=30.0pt
* \marginparwidth=36.135pt
* \marginparsep=11.0pt
* \columnsep=10.0pt
* \skip\footins=9.0pt plus 4.0pt minus 2.0pt
* \hoffset=0.0pt
* \voffset=0.0pt
* \mag=1000
* \@twocolumnfalse
* \@twosidetrue
* \@mparswitchtrue
* \@reversemarginfalse
* (1in=72.27pt=25.4mm, 1cm=28.453pt)

Package hyperref Info: Link coloring ON on input line 76.
(calfem-afiniteelementtoolbox.out) (calfem-afiniteelementtoolbox.out)
\@outlinefile=\write5
\openout5 = `calfem-afiniteelementtoolbox.out'.

Package hyperref Info: Option `pageanchor' set `false' on input line 84.


Package hyperref Warning: Token not allowed in a PDF string (Unicode):
(hyperref)                removing `\spacefactor' on input line 84.


Package hyperref Warning: Token not allowed in a PDF string (Unicode):
(hyperref)                removing `\@m' on input line 84.

LaTeX Font Info:    Trying to load font information for T1+qhv on input line 84
.
(C:\Users\jonas\AppData\Local\Programs\MiKTeX\tex/latex/tex-gyre\t1qhv.fd
File: t1qhv.fd 2009/09/25 v1.2 font definition file for T1/qhv
)<<ot1.cmap>><<oml.cmap>><<oms.cmap>><<omx.cmap>>
LaTeX Font Info:    Trying to load font information for U+msa on input line 84.


(C:\Users\jonas\AppData\Local\Programs\MiKTeX\tex/latex/amsfonts\umsa.fd
File: umsa.fd 2013/01/14 v3.01 AMS symbols A
)
LaTeX Font Info:    Trying to load font information for U+msb on input line 84.


(C:\Users\jonas\AppData\Local\Programs\MiKTeX\tex/latex/amsfonts\umsb.fd
File: umsb.fd 2013/01/14 v3.01 AMS symbols B
)

[1

{C:/Users/jonas/AppData/Local/MiKTeX/fonts/map/pdftex/pdftex.map}{C:/Users/jona
s/AppData/Local/Programs/MiKTeX/fonts/enc/dvips/tex-gyre/q-ec.enc}]

[2


] (calfem-afiniteelementtoolbox.toc

[1

])
\tf@toc=\write6
\openout6 = `calfem-afiniteelementtoolbox.toc'.



[2]

[1

]

[2

]
Chapter 1.


[3]
LaTeX Font Info:    Trying to load font information for T1+txtt on input line 1
30.
 (C:\Users\jonas\AppData\Local\Programs\MiKTeX\tex/latex/txfonts\t1txtt.fd
File: t1txtt.fd 2000/12/15 v3.1
)
LaTeX Font Info:    Font shape `T1/txtt/b/n' in size <10> not available
(Font)              Font shape `T1/txtt/bx/n' tried instead on input line 131.


[4]
Chapter 2.


[5

]

[6

]
Chapter 3.


[7]

[8

]
Chapter 4.


[9]
Overfull \hbox (86.24588pt too wide) detected at line 223
[]
 []


Overfull \hbox (72.00006pt too wide) detected at line 223
[]
 []



[10]

[11]

[12]
Chapter 5.
LaTeX Font Info:    Trying to load font information for TS1+qtm on input line 3
26.
(C:\Users\jonas\AppData\Local\Programs\MiKTeX\tex/latex/tex-gyre\ts1qtm.fd
File: ts1qtm.fd 2009/09/25 v1.2 font definition file for TS1/qtm
)

[13

{C:/Users/jonas/AppData/Local/Programs/MiKTeX/fonts/enc/dvips/tex-gyre/q-ts1.en
c}]

[14

]
Chapter 6.
<SPRING1.png, id=617, 412.54124pt x 85.06781pt>
File: SPRING1.png Graphic file (type png)
<use SPRING1.png>
Package pdftex.def Info: SPRING1.png  used on input line 377.
(pdftex.def)             Requested size: 235.01874pt x 48.46188pt.

Underfull \hbox (badness 10000) in paragraph at lines 395--397
[]|\T1/qhv/m/n/10 Prob-lem
 []


Underfull \hbox (badness 10000) in paragraph at lines 401--403
[]|\T1/qhv/m/n/10 Nodal dis-
 []


Underfull \hbox (badness 10000) in paragraph at lines 404--406
[]|\T1/qhv/m/n/10 El-e-ment
 []


Underfull \hbox (badness 10000) in paragraph at lines 492--494
[]|\T1/qtm/m/n/10 Ground-wa-ter
 []


Underfull \hbox (badness 10000) in paragraph at lines 539--541
[]|\T1/qhv/m/n/10 Prob-lem
 []


Underfull \hbox (badness 10000) in paragraph at lines 545--547
[]|\T1/qhv/m/n/10 Des-
 []


Underfull \hbox (badness 10000) in paragraph at lines 545--547
\T1/qhv/m/n/10 ig-
 []


Underfull \hbox (badness 10000) in paragraph at lines 545--547
\T1/qhv/m/n/10 na-
 []

<ANA1.png, id=618, 388.45125pt x 146.79843pt>
File: ANA1.png Graphic file (type png)
<use ANA1.png>
Package pdftex.def Info: ANA1.png  used on input line 556.
(pdftex.def)             Requested size: 88.71953pt x 33.52773pt.
<ANA2.png, id=619, 372.64218pt x 132.495pt>
File: ANA2.png Graphic file (type png)
<use ANA2.png>
Package pdftex.def Info: ANA2.png  used on input line 568.
(pdftex.def)             Requested size: 88.7195pt x 31.54471pt.

Underfull \hbox (badness 10000) in paragraph at lines 570--572
[]|$\OML/cmm/m/it/10 L$\T1/qtm/m/n/10 ,
 []


Underfull \hbox (badness 10000) in paragraph at lines 570--572
\OML/cmm/m/it/10 E$\T1/qtm/m/n/10 ,
 []


Underfull \hbox (badness 10000) in paragraph at lines 570--572
\OML/cmm/m/it/10 P$\T1/qtm/m/n/10 ,
 []

<ANA3.png, id=620, 377.91188pt x 160.34906pt>
File: ANA3.png Graphic file (type png)
<use ANA3.png>
Package pdftex.def Info: ANA3.png  used on input line 580.
(pdftex.def)             Requested size: 88.7228pt x 37.64288pt.

Underfull \hbox (badness 10000) in paragraph at lines 582--584
\OML/cmm/m/it/10 T$\T1/qtm/m/n/10 ,
 []


Underfull \hbox (badness 10000) in paragraph at lines 582--584
[]$\T1/qtm/m/n/10 ,
 []


Underfull \hbox (badness 10000) in paragraph at lines 585--588
\T1/qtm/m/n/10 tem-per-a-ture, el-e-ment heat
 []

<ana7.png, id=621, 376.40625pt x 160.34906pt>
File: ana7.png Graphic file (type png)
<use ana7.png>
Package pdftex.def Info: ana7.png  used on input line 592.
(pdftex.def)             Requested size: 88.71967pt x 37.79703pt.

Underfull \hbox (badness 10000) in paragraph at lines 594--596
[]|$\OML/cmm/m/it/10 L$\T1/qtm/m/n/10 ,
 []


Underfull \hbox (badness 10000) in paragraph at lines 594--596
[]$\T1/qtm/m/n/10 ,
 []

<ANA4.png, id=622, 384.6872pt x 119.69719pt>
File: ANA4.png Graphic file (type png)
<use ANA4.png>
Package pdftex.def Info: ANA4.png  used on input line 604.
(pdftex.def)             Requested size: 88.72272pt x 27.60648pt.

Underfull \hbox (badness 10000) in paragraph at lines 606--608
[]|$\OML/cmm/m/it/10 R$\T1/qtm/m/n/10 ,
 []


Underfull \hbox (badness 10000) in paragraph at lines 613--615
[]|\T1/qtm/m/n/10 Ground-wa-ter
 []

<ANA5.png, id=623, 377.91188pt x 160.34906pt>
File: ANA5.png Graphic file (type png)
<use ANA5.png>
Package pdftex.def Info: ANA5.png  used on input line 616.
(pdftex.def)             Requested size: 88.7228pt x 37.64288pt.

Underfull \hbox (badness 10000) in paragraph at lines 618--620
[]|$\OML/cmm/m/it/10 L$\T1/qtm/m/n/10 ,
 []


Underfull \hbox (badness 10000) in paragraph at lines 618--620
[]$\T1/qtm/m/n/10 ,
 []


Underfull \hbox (badness 5954) in paragraph at lines 621--624
[]|\T1/qtm/m/n/10 length, per-me-abil-ity, piezo-
 []


Underfull \hbox (badness 10000) in paragraph at lines 625--627
\T1/qtm/m/n/10 (lam-i-nar
 []

<ANA6.png, id=624, 341.77687pt x 106.89937pt>
File: ANA6.png Graphic file (type png)
<use ANA6.png>
Package pdftex.def Info: ANA6.png  used on input line 628.
(pdftex.def)             Requested size: 88.71907pt x 27.74913pt.

Underfull \hbox (badness 10000) in paragraph at lines 630--632
[]|$\OML/cmm/m/it/10 L$\T1/qtm/m/n/10 ,
 []


Underfull \hbox (badness 10000) in paragraph at lines 630--632
\OML/cmm/m/it/10 D$\T1/qtm/m/n/10 ,
 []


Underfull \hbox (badness 10000) in paragraph at lines 630--632
[]$\T1/qtm/m/n/10 ,
 []


Underfull \hbox (badness 5417) in paragraph at lines 633--636
\T1/qtm/m/n/10 ity, pres-sure, el-e-ment fluid
 []



[15 <./SPRING1.png>]
Overfull \vbox (93.5614pt too high) has occurred while \output is active []



[16 <./ANA1.png> <./ANA2.png> <./ANA3.png> <./ana7.png> <./ANA4.png> <./ANA5.pn
g> <./ANA6.png>]
File: SPRING1.png Graphic file (type png)
<use SPRING1.png>
Package pdftex.def Info: SPRING1.png  used on input line 651.
(pdftex.def)             Requested size: 235.01874pt x 48.46188pt.
<<ot1tt.cmap>>
<SPRING3.png, id=647, 462.97969pt x 52.69687pt>
File: SPRING3.png Graphic file (type png)
<use SPRING3.png>
Package pdftex.def Info: SPRING3.png  used on input line 696.
(pdftex.def)             Requested size: 235.01874pt x 26.7504pt.


[17 <./SPRING3.png>]

[18]
Chapter 7.
<bar1e_1.png, id=658, 279.29344pt x 111.41624pt>
File: bar1e_1.png Graphic file (type png)
<use bar1e_1.png>
Package pdftex.def Info: bar1e_1.png  used on input line 747.
(pdftex.def)             Requested size: 235.01874pt x 93.75731pt.


[19

 <./bar1e_1.png>]
<bar1e_2.png, id=665, 250.68657pt x 89.58469pt>
File: bar1e_2.png Graphic file (type png)
<use bar1e_2.png>
Package pdftex.def Info: bar1e_2.png  used on input line 781.
(pdftex.def)             Requested size: 235.01874pt x 83.98952pt.
<bar1s.png, id=666, 313.9228pt x 149.05687pt>
File: bar1s.png Graphic file (type png)
<use bar1s.png>
Package pdftex.def Info: bar1s.png  used on input line 821.
(pdftex.def)             Requested size: 235.01874pt x 111.58995pt.


[20 <./bar1e_2.png>]

[21 <./bar1s.png>]
<bar1w_1.png, id=678, 279.29344pt x 111.41624pt>
File: bar1w_1.png Graphic file (type png)
<use bar1w_1.png>
Package pdftex.def Info: bar1w_1.png  used on input line 919.
(pdftex.def)             Requested size: 235.01874pt x 93.75731pt.


[22]
File: bar1e_2.png Graphic file (type png)
<use bar1e_2.png>
Package pdftex.def Info: bar1e_2.png  used on input line 956.
(pdftex.def)             Requested size: 235.01874pt x 83.98952pt.


[23 <./bar1w_1.png>]
File: bar1s.png Graphic file (type png)
<use bar1s.png>
Package pdftex.def Info: bar1s.png  used on input line 1009.
(pdftex.def)             Requested size: 235.01874pt x 111.58995pt.


[24]
Overfull \hbox (20.67317pt too wide) detected at line 1088
[]
 []


Overfull \hbox (72.00006pt too wide) detected at line 1088
[]
 []



[25]
<bar2e.png, id=696, 395.97937pt x 292.09125pt>
File: bar2e.png Graphic file (type png)
<use bar2e.png>
Package pdftex.def Info: bar2e.png  used on input line 1112.
(pdftex.def)             Requested size: 235.01874pt x 173.36188pt.


[26 <./bar2e.png>]
<bar2e_2.png, id=702, 252.19218pt x 204.01219pt>
File: bar2e_2.png Graphic file (type png)
<use bar2e_2.png>
Package pdftex.def Info: bar2e_2.png  used on input line 1150.
(pdftex.def)             Requested size: 235.01874pt x 190.1216pt.


[27 <./bar2e_2.png>]
<bar2s.png, id=709, 380.92313pt x 230.36063pt>
File: bar2s.png Graphic file (type png)
<use bar2s.png>
Package pdftex.def Info: bar2s.png  used on input line 1210.
(pdftex.def)             Requested size: 235.01874pt x 142.1226pt.


[28 <./bar2s.png>]

[29]
<bar2g.png, id=719, 395.97937pt x 292.09125pt>
File: bar2g.png Graphic file (type png)
<use bar2g.png>
Package pdftex.def Info: bar2g.png  used on input line 1317.
(pdftex.def)             Requested size: 235.01874pt x 173.36188pt.


[30 <./bar2g.png>]
File: bar2s.png Graphic file (type png)
<use bar2s.png>
Package pdftex.def Info: bar2s.png  used on input line 1413.
(pdftex.def)             Requested size: 235.01874pt x 142.1226pt.


[31]
Overfull \hbox (15.73549pt too wide) detected at line 1467
[]
 []


Overfull \hbox (72.00006pt too wide) detected at line 1467
[]
 []



[32]
<bar3e.png, id=734, 449.42906pt x 311.66437pt>
File: bar3e.png Graphic file (type png)
<use bar3e.png>
Package pdftex.def Info: bar3e.png  used on input line 1530.
(pdftex.def)             Requested size: 235.01874pt x 162.97948pt.


[33]

[34 <./bar3e.png>]
Overfull \hbox (30.84305pt too wide) detected at line 1585
[]
 []


Overfull \hbox (72.00006pt too wide) detected at line 1585
[]
 []

<bar3s.png, id=745, 439.6425pt x 257.46187pt>
File: bar3s.png Graphic file (type png)
<use bar3s.png>
Package pdftex.def Info: bar3s.png  used on input line 1626.
(pdftex.def)             Requested size: 235.01874pt x 137.62877pt.


[35]

[36 <./bar3s.png>]

[37]

[38

]
Chapter 8.

Underfull \hbox (badness 10000) in paragraph at lines 1749--1751
[]|\T1/qhv/m/n/10 Prob-lem
 []


Underfull \hbox (badness 6995) in paragraph at lines 1779--1782
\T1/qtm/m/n/10 ity $\OML/cmm/m/it/10 Q$ \T1/qtm/m/n/10 = heat
 []


Underfull \hbox (badness 10000) in paragraph at lines 1786--1788
[]|\T1/qtm/m/n/10 Ground-wa-ter
 []


Underfull \hbox (badness 10000) in paragraph at lines 1812--1814
[]|$\OT1/cmr/m/n/10 1\OML/cmm/m/it/10 =G[]$\T1/qtm/m/n/10 ,
 []


Underfull \hbox (badness 10000) in paragraph at lines 1819--1822
\OML/cmm/m/it/10 G[]$\T1/qtm/m/n/10 , $\OML/cmm/m/it/10 G[]$ \T1/qtm/m/n/10 =
 []


Underfull \hbox (badness 10000) in paragraph at lines 1819--1822
\T1/qtm/m/n/10 shear mod-uli
 []



[39]
<FLW2T.png, id=768, 322.95656pt x 182.93344pt>
File: FLW2T.png Graphic file (type png)
<use FLW2T.png>
Package pdftex.def Info: FLW2T.png  used on input line 1840.
(pdftex.def)             Requested size: 77.93564pt x 44.14497pt.
<FLW2I4.png, id=769, 327.47343pt x 208.52907pt>
File: FLW2I4.png Graphic file (type png)
<use FLW2I4.png>
Package pdftex.def Info: FLW2I4.png  used on input line 1845.
(pdftex.def)             Requested size: 77.93564pt x 49.62798pt.
<FLW2I8.png, id=770, 254.45062pt x 213.79875pt>
File: FLW2I8.png Graphic file (type png)
<use FLW2I8.png>
Package pdftex.def Info: FLW2I8.png  used on input line 1851.
(pdftex.def)             Requested size: 77.93564pt x 65.48418pt.
<FLW3I8.png, id=771, 266.49562pt x 204.01219pt>
File: FLW3I8.png Graphic file (type png)
<use FLW3I8.png>
Package pdftex.def Info: FLW3I8.png  used on input line 1856.
(pdftex.def)             Requested size: 77.93564pt x 59.66321pt.


[40]
<FLW2TE.png, id=777, 366.61969pt x 252.19218pt>
File: FLW2TE.png Graphic file (type png)
<use FLW2TE.png>
Package pdftex.def Info: FLW2TE.png  used on input line 1879.
(pdftex.def)             Requested size: 235.01874pt x 161.66795pt.


[41 <./FLW2T.png> <./FLW2I4.png> <./FLW2I8.png> <./FLW3I8.png> <./FLW2TE.png>]

[42]

[43]
<f14.png, id=795, 404.26031pt x 237.88875pt>
File: f14.png Graphic file (type png)
<use f14.png>
Package pdftex.def Info: f14.png  used on input line 2046.
(pdftex.def)             Requested size: 235.01874pt x 138.29861pt.


[44 <./f14.png>]

[45]
LaTeX Font Info:    Trying to load font information for U+fontawesomefree1 on i
nput line 2139.

(C:\Users\jonas\AppData\Local\Programs\MiKTeX\tex/latex/fontawesome5\ufontaweso
mefree1.fd)

[46{C:/Users/jonas/AppData/Local/Programs/MiKTeX/fonts/enc/dvips/fontawesome5/f
a5free1.enc}]
<FLW2I4E.png, id=811, 379.4175pt x 244.66406pt>
File: FLW2I4E.png Graphic file (type png)
<use FLW2I4E.png>
Package pdftex.def Info: FLW2I4E.png  used on input line 2179.
(pdftex.def)             Requested size: 199.16928pt x 128.43561pt.


[47 <./FLW2I4E.png>]

[48]

[49]
<FLW2I8E.png, id=825, 319.1925pt x 245.41687pt>
File: FLW2I8E.png Graphic file (type png)
<use FLW2I8E.png>
Package pdftex.def Info: FLW2I8E.png  used on input line 2360.
(pdftex.def)             Requested size: 235.01874pt x 180.6994pt.


[50 <./FLW2I8E.png>]
Overfull \hbox (18.92877pt too wide) detected at line 2387
[]
 []


Overfull \hbox (72.00006pt too wide) detected at line 2387
[]
 []



[51]

[52]
<FLW3I8E.png, id=840, 364.36125pt x 239.39438pt>
File: FLW3I8E.png Graphic file (type png)
<use FLW3I8E.png>
Package pdftex.def Info: FLW3I8E.png  used on input line 2540.
(pdftex.def)             Requested size: 199.16928pt x 130.85637pt.


[53]
Overfull \hbox (36.88846pt too wide) detected at line 2575
[]
 []


Overfull \hbox (72.00006pt too wide) detected at line 2575
[]
 []



[54 <./FLW3I8E.png>]
Overfull \hbox (5.10591pt too wide) detected at line 2618
[]
 []


Overfull \hbox (72.00006pt too wide) detected at line 2618
[]
 []



[55]
Overfull \hbox (27.60095pt too wide) detected at line 2709
[]
 []


Overfull \hbox (72.00006pt too wide) detected at line 2709
[]
 []



[56]

[57]

[58

]
Chapter 9.
<PLANT.png, id=868, 323.70938pt x 208.52907pt>
File: PLANT.png Graphic file (type png)
<use PLANT.png>
Package pdftex.def Info: PLANT.png  used on input line 2759.
(pdftex.def)             Requested size: 109.1094pt x 70.28484pt.
<PLANQ.png, id=869, 320.69812pt x 234.1247pt>
File: PLANQ.png Graphic file (type png)
<use PLANQ.png>
Package pdftex.def Info: PLANQ.png  used on input line 2763.
(pdftex.def)             Requested size: 109.1094pt x 79.65492pt.
<PLANTR.png, id=870, 321.45094pt x 236.38312pt>
File: PLANTR.png Graphic file (type png)
<use PLANTR.png>
Package pdftex.def Info: PLANTR.png  used on input line 2768.
(pdftex.def)             Requested size: 109.1094pt x 80.23573pt.
<PLANI4.png, id=871, 332.74312pt x 230.36063pt>
File: PLANI4.png Graphic file (type png)
<use PLANI4.png>
Package pdftex.def Info: PLANI4.png  used on input line 2773.
(pdftex.def)             Requested size: 109.1094pt x 75.53416pt.
<PLANI8.png, id=872, 285.31593pt x 211.54031pt>
File: PLANI8.png Graphic file (type png)
<use PLANI8.png>
Package pdftex.def Info: PLANI8.png  used on input line 2778.
(pdftex.def)             Requested size: 109.1094pt x 80.89613pt.
<SOLI8.png, id=873, 303.38344pt x 204.01219pt>
File: SOLI8.png Graphic file (type png)
<use SOLI8.png>
Package pdftex.def Info: SOLI8.png  used on input line 2782.
(pdftex.def)             Requested size: 109.1094pt x 73.37273pt.


[59]
<PLANTE.png, id=878, 398.23781pt x 277.78781pt>
File: PLANTE.png Graphic file (type png)
<use PLANTE.png>
Package pdftex.def Info: PLANTE.png  used on input line 2804.
(pdftex.def)             Requested size: 235.01874pt x 163.93576pt.


[60 <./PLANT.png> <./PLANQ.png> <./PLANTR.png> <./PLANI4.png> <./PLANI8.png> <.
/SOLI8.png>]
Overfull \hbox (91.32234pt too wide) detected at line 2846
[]
 []


Overfull \hbox (72.00006pt too wide) detected at line 2846
[]
 []



[61 <./PLANTE.png>]

[62]
<PLANTS.png, id=901, 663.98062pt x 277.78781pt>
File: PLANTS.png Graphic file (type png)
<use PLANTS.png>
Package pdftex.def Info: PLANTS.png  used on input line 2942.
(pdftex.def)             Requested size: 184.61893pt x 77.23749pt.


[63 <./PLANTS.png>]

[64]
<PLANI4E.png, id=913, 395.97937pt x 267.24844pt>
File: PLANI4E.png Graphic file (type png)
<use PLANI4E.png>
Package pdftex.def Info: PLANI4E.png  used on input line 3037.
(pdftex.def)             Requested size: 235.01874pt x 158.6172pt.


[65]
Overfull \hbox (57.9889pt too wide) detected at line 3081
[]
 []


Overfull \hbox (72.00006pt too wide) detected at line 3081
[]
 []



[66 <./PLANI4E.png>]
<PLANI4S.png, id=924, 663.98062pt x 271.0125pt>
File: PLANI4S.png Graphic file (type png)
<use PLANI4S.png>
Package pdftex.def Info: PLANI4S.png  used on input line 3109.
(pdftex.def)             Requested size: 235.01874pt x 95.92683pt.


[67 <./PLANI4S.png>]
<PLANTRE.png, id=930, 435.12563pt x 311.66437pt>
File: PLANTRE.png Graphic file (type png)
<use PLANTRE.png>
Package pdftex.def Info: PLANTRE.png  used on input line 3161.
(pdftex.def)             Requested size: 235.01874pt x 168.33905pt.


[68]
Overfull \hbox (91.32234pt too wide) detected at line 3206
[]
 []


Overfull \hbox (72.00006pt too wide) detected at line 3206
[]
 []



[69 <./PLANTRE.png>]
Overfull \hbox (61.92496pt too wide) detected at line 3246
[]
 []


Overfull \hbox (72.00006pt too wide) detected at line 3246
[]
 []



[70]
<PLANTRS.png, id=945, 697.10437pt x 311.66437pt>
File: PLANTRS.png Graphic file (type png)
<use PLANTRS.png>
Package pdftex.def Info: PLANTRS.png  used on input line 3296.
(pdftex.def)             Requested size: 235.01874pt x 105.07042pt.


[71]

[72 <./PLANTRS.png>]
File: PLANTRE.png Graphic file (type png)
<use PLANTRE.png>
Package pdftex.def Info: PLANTRE.png  used on input line 3347.
(pdftex.def)             Requested size: 235.01874pt x 168.33905pt.


[73]
Overfull \hbox (93.03616pt too wide) detected at line 3428
[]
 []


Overfull \hbox (72.00006pt too wide) detected at line 3428
[]
 []



[74]

[75]
File: PLANTRS.png Graphic file (type png)
<use PLANTRS.png>
Package pdftex.def Info: PLANTRS.png  used on input line 3477.
(pdftex.def)             Requested size: 235.01874pt x 105.07042pt.


[76]
File: PLANI4E.png Graphic file (type png)
<use PLANI4E.png>
Package pdftex.def Info: PLANI4E.png  used on input line 3527.
(pdftex.def)             Requested size: 235.01874pt x 158.6172pt.


[77]
Overfull \hbox (91.32234pt too wide) detected at line 3569
[]
 []


Overfull \hbox (72.00006pt too wide) detected at line 3569
[]
 []



[78]
Overfull \hbox (81.92496pt too wide) detected at line 3617
[]
 []


Overfull \hbox (72.00006pt too wide) detected at line 3617
[]
 []



[79]
File: PLANI4S.png Graphic file (type png)
<use PLANI4S.png>
Package pdftex.def Info: PLANI4S.png  used on input line 3673.
(pdftex.def)             Requested size: 235.01874pt x 95.92683pt.


[80]

[81]
<PLANI8E.png, id=995, 332.74312pt x 265.74281pt>
File: PLANI8E.png Graphic file (type png)
<use PLANI8E.png>
Package pdftex.def Info: PLANI8E.png  used on input line 3788.
(pdftex.def)             Requested size: 235.01874pt x 187.69742pt.


[82 <./PLANI8E.png>]
Overfull \hbox (91.32234pt too wide) detected at line 3830
[]
 []


Overfull \hbox (72.00006pt too wide) detected at line 3830
[]
 []



[83]
Overfull \hbox (49.62836pt too wide) detected at line 3878
[]
 []


Overfull \hbox (72.00006pt too wide) detected at line 3878
[]
 []


Overfull \hbox (4.52548pt too wide) detected at line 3890
[]
 []


Overfull \hbox (72.00006pt too wide) detected at line 3890
[]
 []



[84]
<PLANI8S.png, id=1009, 632.3625pt x 265.74281pt>
File: PLANI8S.png Graphic file (type png)
<use PLANI8S.png>
Package pdftex.def Info: PLANI8S.png  used on input line 3954.
(pdftex.def)             Requested size: 235.01874pt x 98.76122pt.


[85]
Overfull \hbox (51.55353pt too wide) detected at line 3998
[]
 []


Overfull \hbox (72.00006pt too wide) detected at line 3998
[]
 []



[86 <./PLANI8S.png>]
<SOLI8E.png, id=1019, 386.94562pt x 255.95625pt>
File: SOLI8E.png Graphic file (type png)
<use SOLI8E.png>
Package pdftex.def Info: SOLI8E.png  used on input line 4070.
(pdftex.def)             Requested size: 235.01874pt x 155.46132pt.


[87]

[88 <./SOLI8E.png>]
Overfull \hbox (116.55232pt too wide) detected at line 4183
[]
 []



[89]
<SOLI8S.png, id=1035, 686.565pt x 270.25969pt>
File: SOLI8S.png Graphic file (type png)
<use SOLI8S.png>
Package pdftex.def Info: SOLI8S.png  used on input line 4246.
(pdftex.def)             Requested size: 235.01874pt x 92.50977pt.


[90]
Overfull \hbox (58.88347pt too wide) detected at line 4293
[]
 []


Overfull \hbox (72.00006pt too wide) detected at line 4293
[]
 []



[91 <./SOLI8S.png>]

[92]
Chapter 10.
<beam1e.png, id=1049, 377.91188pt x 201.00093pt>
File: beam1e.png Graphic file (type png)
<use beam1e.png>
Package pdftex.def Info: beam1e.png  used on input line 4377.
(pdftex.def)             Requested size: 235.01874pt x 124.99959pt.


[93

 <./beam1e.png>]
<beam1e_2.png, id=1056, 377.91188pt x 170.88844pt>
File: beam1e_2.png Graphic file (type png)
<use beam1e_2.png>
Package pdftex.def Info: beam1e_2.png  used on input line 4415.
(pdftex.def)             Requested size: 235.01874pt x 106.27306pt.


[94 <./beam1e_2.png>]
<beam1s.png, id=1062, 335.75438pt x 149.05687pt>
File: beam1s.png Graphic file (type png)
<use beam1s.png>
Package pdftex.def Info: beam1s.png  used on input line 4458.
(pdftex.def)             Requested size: 235.01874pt x 104.33453pt.


[95 <./beam1s.png>]
Overfull \hbox (35.38953pt too wide) detected at line 4512
[]
 []


Overfull \hbox (72.00006pt too wide) detected at line 4512
[]
 []



[96]
<beam1w.png, id=1072, 377.91188pt x 201.00093pt>
File: beam1w.png Graphic file (type png)
<use beam1w.png>
Package pdftex.def Info: beam1w.png  used on input line 4574.
(pdftex.def)             Requested size: 235.01874pt x 124.99959pt.


[97 <./beam1w.png>]
File: beam1e_2.png Graphic file (type png)
<use beam1e_2.png>
Package pdftex.def Info: beam1e_2.png  used on input line 4608.
(pdftex.def)             Requested size: 335.74657pt x 151.82947pt.


[98]
File: beam1s.png Graphic file (type png)
<use beam1s.png>
Package pdftex.def Info: beam1s.png  used on input line 4667.
(pdftex.def)             Requested size: 235.01874pt x 104.33453pt.


[99]

[100]
Overfull \hbox (51.07794pt too wide) detected at line 4767
[]
 []


Overfull \hbox (72.00006pt too wide) detected at line 4767
[]
 []


Overfull \hbox (17.10037pt too wide) detected at line 4776
[]
 []


Overfull \hbox (72.00006pt too wide) detected at line 4776
[]
 []



[101]
<BEAM2E.png, id=1095, 377.91188pt x 281.55188pt>
File: BEAM2E.png Graphic file (type png)
<use BEAM2E.png>
Package pdftex.def Info: BEAM2E.png  used on input line 4814.
(pdftex.def)             Requested size: 235.01874pt x 175.09306pt.


[102 <./BEAM2E.png>]
<BEAM2LOA.png, id=1101, 335.00156pt x 273.27094pt>
File: BEAM2LOA.png Graphic file (type png)
<use BEAM2LOA.png>
Package pdftex.def Info: BEAM2LOA.png  used on input line 4852.
(pdftex.def)             Requested size: 235.01874pt x 191.70947pt.

Overfull \hbox (9.62779pt too wide) detected at line 4873
[]
 []


Overfull \hbox (72.00006pt too wide) detected at line 4873
[]
 []



[103 <./BEAM2LOA.png>]
<beam2s.png, id=1107, 382.42876pt x 224.33812pt>
File: beam2s.png Graphic file (type png)
<use beam2s.png>
Package pdftex.def Info: beam2s.png  used on input line 4926.
(pdftex.def)             Requested size: 235.01874pt x 137.86613pt.


[104]

[105 <./beam2s.png>]

[106]

[107]
<BEAM2T.png, id=1127, 377.91188pt x 281.55188pt>
File: BEAM2T.png Graphic file (type png)
<use BEAM2T.png>
Package pdftex.def Info: BEAM2T.png  used on input line 5119.
(pdftex.def)             Requested size: 235.01874pt x 175.09306pt.


[108 <./BEAM2T.png>]
File: BEAM2LOA.png Graphic file (type png)
<use BEAM2LOA.png>
Package pdftex.def Info: BEAM2LOA.png  used on input line 5162.
(pdftex.def)             Requested size: 235.01874pt x 191.70947pt.


[109]
Overfull \hbox (53.9553pt too wide) detected at line 5184
[]
 []


Overfull \hbox (72.00006pt too wide) detected at line 5184
[]
 []


Overfull \hbox (2.20651pt too wide) detected at line 5189
[]
 []


Overfull \hbox (72.00006pt too wide) detected at line 5189
[]
 []

File: beam2s.png Graphic file (type png)
<use beam2s.png>
Package pdftex.def Info: beam2s.png  used on input line 5226.
(pdftex.def)             Requested size: 235.01874pt x 137.86613pt.


[110]

[111]
Overfull \hbox (25.31433pt too wide) detected at line 5292
[]
 []


Overfull \hbox (72.00006pt too wide) detected at line 5292
[]
 []



[112]
Overfull \hbox (60.77327pt too wide) detected at line 5355
[]
 []


Overfull \hbox (72.00006pt too wide) detected at line 5355
[]
 []


Overfull \hbox (1.87994pt too wide) detected at line 5386
[]
 []


Overfull \hbox (72.00006pt too wide) detected at line 5386
[]
 []



[113]
<beam2w.png, id=1156, 368.87813pt x 269.50688pt>
File: beam2w.png Graphic file (type png)
<use beam2w.png>
Package pdftex.def Info: beam2w.png  used on input line 5405.
(pdftex.def)             Requested size: 235.01874pt x 171.70657pt.


[114 <./beam2w.png>]
Overfull \hbox (9.81981pt too wide) detected at line 5458
[]
 []


Overfull \hbox (72.00006pt too wide) detected at line 5458
[]
 []


Overfull \hbox (33.65125pt too wide) detected at line 5468
[]
 []


Overfull \hbox (72.00006pt too wide) detected at line 5468
[]
 []



[115]
File: beam2s.png Graphic file (type png)
<use beam2s.png>
Package pdftex.def Info: beam2s.png  used on input line 5520.
(pdftex.def)             Requested size: 235.01874pt x 137.86613pt.


[116]

[117]

[118]
Overfull \hbox (3.65175pt too wide) detected at line 5625
[]
 []


Overfull \hbox (72.00006pt too wide) detected at line 5625
[]
 []


Overfull \hbox (67.37169pt too wide) detected at line 5670
[]
 []


Overfull \hbox (72.00006pt too wide) detected at line 5670
[]
 []


Overfull \hbox (33.39412pt too wide) detected at line 5680
[]
 []


Overfull \hbox (72.00006pt too wide) detected at line 5680
[]
 []



[119]
<beam2g.png, id=1183, 368.87813pt x 269.50688pt>
File: beam2g.png Graphic file (type png)
<use beam2g.png>
Package pdftex.def Info: beam2g.png  used on input line 5715.
(pdftex.def)             Requested size: 235.01874pt x 171.70657pt.


[120]

[121 <./beam2g.png>]
Overfull \hbox (9.81981pt too wide) detected at line 5791
[]
 []


Overfull \hbox (72.00006pt too wide) detected at line 5791
[]
 []



[122]
File: beam2s.png Graphic file (type png)
<use beam2s.png>
Package pdftex.def Info: beam2s.png  used on input line 5843.
(pdftex.def)             Requested size: 235.01874pt x 137.86613pt.


[123]

[124]
Overfull \hbox (87.40315pt too wide) detected at line 5972
[]
 []


Overfull \hbox (72.00006pt too wide) detected at line 5972
[]
 []


Overfull \hbox (78.8614pt too wide) detected at line 5983
[]
 []


Overfull \hbox (72.00006pt too wide) detected at line 5983
[]
 []



[125]
Overfull \hbox (43.75853pt too wide) detected at line 5994
[]
 []


Overfull \hbox (72.00006pt too wide) detected at line 5994
[]
 []

<BEAM2G.png, id=1211, 368.87813pt x 269.50688pt>
File: BEAM2G.png Graphic file (type png)
<use BEAM2G.png>
Package pdftex.def Info: BEAM2G.png  used on input line 6039.
(pdftex.def)             Requested size: 235.01874pt x 171.70657pt.


[126]

[127 <./BEAM2G.png>]
Overfull \hbox (51.40569pt too wide) detected at line 6110
[]
 []


Overfull \hbox (72.00006pt too wide) detected at line 6110
[]
 []



[128]
File: beam2s.png Graphic file (type png)
<use beam2s.png>
Package pdftex.def Info: beam2s.png  used on input line 6191.
(pdftex.def)             Requested size: 235.01874pt x 137.86613pt.


[129]

[130]

[131]
Overfull \hbox (82.07622pt too wide) detected at line 6337
[]
 []


Overfull \hbox (72.00006pt too wide) detected at line 6337
[]
 []


Overfull \hbox (53.80814pt too wide) detected at line 6345
[]
 []


Overfull \hbox (72.00006pt too wide) detected at line 6345
[]
 []


Overfull \hbox (155.7316pt too wide) detected at line 6375
[]
 []


Overfull \hbox (72.00006pt too wide) detected at line 6375
[]
 []



[132]
<BEAM2D.png, id=1242, 377.91188pt x 281.55188pt>
File: BEAM2D.png Graphic file (type png)
<use BEAM2D.png>
Package pdftex.def Info: BEAM2D.png  used on input line 6403.
(pdftex.def)             Requested size: 235.01874pt x 175.09306pt.


[133 <./BEAM2D.png>]

[134]
<BEAM2S.png, id=1252, 382.42876pt x 224.33812pt>
File: BEAM2S.png Graphic file (type png)
<use BEAM2S.png>
Package pdftex.def Info: BEAM2S.png  used on input line 6466.
(pdftex.def)             Requested size: 235.01874pt x 137.86613pt.


[135 <./BEAM2S.png>]
<BEAM3E.png, id=1259, 517.18219pt x 379.4175pt>
File: BEAM3E.png Graphic file (type png)
<use BEAM3E.png>
Package pdftex.def Info: BEAM3E.png  used on input line 6549.
(pdftex.def)             Requested size: 235.01874pt x 172.41522pt.


[136]

[137 <./BEAM3E.png>]
Overfull \hbox (295.56203pt too wide) detected at line 6617
[]
 []


Overfull \hbox (72.00006pt too wide) detected at line 6617
[]
 []


Overfull \hbox (76.2073pt too wide) detected at line 6637
[]
 []


Overfull \hbox (72.00006pt too wide) detected at line 6637
[]
 []



[138]

[139]
<BEAM3S.png, id=1277, 596.98032pt x 369.63094pt>
File: BEAM3S.png Graphic file (type png)
<use BEAM3S.png>
Package pdftex.def Info: BEAM3S.png  used on input line 6700.
(pdftex.def)             Requested size: 235.01874pt x 145.51474pt.

Overfull \hbox (62.60422pt too wide) detected at line 6732
[]
 []


Overfull \hbox (72.00006pt too wide) detected at line 6732
[]
 []



[140 <./BEAM3S.png>]
Overfull \hbox (28.68726pt too wide) detected at line 6750
[]
 []


Overfull \hbox (72.00006pt too wide) detected at line 6750
[]
 []


Overfull \hbox (42.51482pt too wide) detected at line 6794
[]
 []


Overfull \hbox (72.00006pt too wide) detected at line 6794
[]
 []



[141]

[142]

[143]

[144]
Chapter 11.
<PLATRE.png, id=1301, 444.15938pt x 301.125pt>
File: PLATRE.png Graphic file (type png)
<use PLATRE.png>
Package pdftex.def Info: PLATRE.png  used on input line 6920.
(pdftex.def)             Requested size: 235.01874pt x 159.33357pt.


[145

 <./PLATRE.png>]
Overfull \hbox (20.52473pt too wide) detected at line 6956
[]
 []


Overfull \hbox (72.00006pt too wide) detected at line 6956
[]
 []


Overfull \hbox (111.35045pt too wide) detected at line 7013
[]
 []


Overfull \hbox (72.00006pt too wide) detected at line 7013
[]
 []



[146]
Overfull \hbox (26.13249pt too wide) detected at line 7032
[]
 []


Overfull \hbox (72.00006pt too wide) detected at line 7032
[]
 []



[147]
<PLATRS.png, id=1317, 801.74532pt x 307.1475pt>
File: PLATRS.png Graphic file (type png)
<use PLATRS.png>
Package pdftex.def Info: PLATRS.png  used on input line 7069.
(pdftex.def)             Requested size: 235.01874pt x 90.03595pt.


[148 <./PLATRS.png>]

[149]

[150

]
Chapter 12.


[151]
<ASSEM.png, id=1335, 547.2947pt x 312.41719pt>
File: ASSEM.png Graphic file (type png)
<use ASSEM.png>
Package pdftex.def Info: ASSEM.png  used on input line 7212.
(pdftex.def)             Requested size: 235.01874pt x 134.16039pt.


[152 <./ASSEM.png>]
Overfull \hbox (101.37134pt too wide) detected at line 7251
[]
 []


Overfull \hbox (72.00006pt too wide) detected at line 7251
[]
 []

<COORD.png, id=1341, 658.71094pt x 493.845pt>
File: COORD.png Graphic file (type png)
<use COORD.png>
Package pdftex.def Info: COORD.png  used on input line 7268.
(pdftex.def)             Requested size: 235.01874pt x 176.19408pt.


[153 <./COORD.png>]
Overfull \hbox (73.23416pt too wide) detected at line 7300
[]
 []


Overfull \hbox (72.00006pt too wide) detected at line 7300
[]
 []



[154]

[155]
<EXTRA.png, id=1355, 480.29437pt x 260.47313pt>
File: EXTRA.png Graphic file (type png)
<use EXTRA.png>
Package pdftex.def Info: EXTRA.png  used on input line 7389.
(pdftex.def)             Requested size: 235.01874pt x 127.45807pt.


[156 <./EXTRA.png>]

[157]

[158]

[159]

[160]
LaTeX Font Info:    Trying to load font information for TS1+txtt on input line 
7667.

(C:\Users\jonas\AppData\Local\Programs\MiKTeX\tex/latex/txfonts\ts1txtt.fd
File: ts1txtt.fd 2000/12/15 v3.1
)

[161]

[162]

[163]
<F32.png, id=1392, 471.26062pt x 356.83313pt>
File: F32.png Graphic file (type png)
<use F32.png>
Package pdftex.def Info: F32.png  used on input line 7802.
(pdftex.def)             Requested size: 235.01874pt x 177.95331pt.


[164 <./F32.png>]

[165]

[166]

[167]

[168]

[169]

[170]

[171]

[172]

[173]

[174]
Chapter 13.


[175

]

[176

]
Chapter 14.

Overfull \hbox (5.65157pt too wide) in paragraph at lines 8378--8380
[]|$\OML/cmm/m/it/10 linetype \OT1/cmr/m/n/10 =
 []


Overfull \hbox (9.0833pt too wide) in paragraph at lines 8384--8386
[]|$\OML/cmm/m/it/10 linecolor \OT1/cmr/m/n/10 =
 []



[177]

[178]

[179]

[180]

[181]

[182]
Overfull \hbox (10.247pt too wide) in paragraph at lines 8984--8986
[]|$[] \OT1/cmr/m/n/10 =
 []


Overfull \hbox (13.22697pt too wide) in paragraph at lines 8990--8992
[]|$[] \OT1/cmr/m/n/10 =
 []



[183]

[184]
Underfull \hbox (badness 10000) in paragraph at lines 9187--9189
[]|\T1/qhv/m/n/10 el-e-ment-
 []



[185]

[186]
Chapter 15.
(calfem-afiniteelementtoolbox.ind

[187

]

[188

]



[189


]) (calfem-afiniteelementtoolbox.aux)
 ***********
LaTeX2e <2024-11-01> patch level 1
L3 programming layer <2024-11-02>
 ***********
Package rerunfilecheck Info: File `calfem-afiniteelementtoolbox.out' has not ch
anged.
(rerunfilecheck)             Checksum: A1F4D81D09CD27603F4E30E01400CCE7;12877.
 ) 
Here is how much of TeX's memory you used:
 21291 strings out of 473650
 383967 string characters out of 5717934
 2734194 words of memory out of 4000000
 43629 multiletter control sequences out of 15000+600000
 624065 words of font info for 101 fonts, out of 2000000 for 9000
 1142 hyphenation exceptions out of 8191
 72i,26n,83p,1219b,774s stack positions out of 10000i,1000n,20000p,2000000b,200000s
<C:/Users/jonas/AppData/Local/Programs/MiKTeX/fonts/type1/public/fontawesome5
/FontAwesome5Free-Solid.pfb><C:/Users/jonas/AppData/Local/Programs/MiKTeX/fonts
/type1/public/amsfonts/cm/cmbx10.pfb><C:/Users/jonas/AppData/Local/Programs/MiK
TeX/fonts/type1/public/amsfonts/cm/cmbx7.pfb><C:/Users/jonas/AppData/Local/Prog
rams/MiKTeX/fonts/type1/public/amsfonts/cm/cmex10.pfb><C:/Users/jonas/AppData/L
ocal/Programs/MiKTeX/fonts/type1/public/amsfonts/cm/cmmi10.pfb><C:/Users/jonas/
AppData/Local/Programs/MiKTeX/fonts/type1/public/amsfonts/cm/cmmi5.pfb><C:/User
s/jonas/AppData/Local/Programs/MiKTeX/fonts/type1/public/amsfonts/cm/cmmi7.pfb>
<C:/Users/jonas/AppData/Local/Programs/MiKTeX/fonts/type1/public/amsfonts/cm/cm
mib10.pfb><C:/Users/jonas/AppData/Local/Programs/MiKTeX/fonts/type1/public/amsf
onts/cm/cmr10.pfb><C:/Users/jonas/AppData/Local/Programs/MiKTeX/fonts/type1/pub
lic/amsfonts/cm/cmr5.pfb><C:/Users/jonas/AppData/Local/Programs/MiKTeX/fonts/ty
pe1/public/amsfonts/cm/cmr7.pfb><C:/Users/jonas/AppData/Local/Programs/MiKTeX/f
onts/type1/public/amsfonts/cm/cmss10.pfb><C:/Users/jonas/AppData/Local/Programs
/MiKTeX/fonts/type1/public/amsfonts/cm/cmsy10.pfb><C:/Users/jonas/AppData/Local
/Programs/MiKTeX/fonts/type1/public/amsfonts/cm/cmsy5.pfb><C:/Users/jonas/AppDa
ta/Local/Programs/MiKTeX/fonts/type1/public/amsfonts/cm/cmsy7.pfb><C:/Users/jon
as/AppData/Local/Programs/MiKTeX/fonts/type1/public/amsfonts/cm/cmti10.pfb><C:/
Users/jonas/AppData/Local/Programs/MiKTeX/fonts/type1/public/amsfonts/cm/cmtt10
.pfb><C:/Users/jonas/AppData/Local/Programs/MiKTeX/fonts/type1/public/tex-gyre/
qhvb.pfb><C:/Users/jonas/AppData/Local/Programs/MiKTeX/fonts/type1/public/tex-g
yre/qhvbi.pfb><C:/Users/jonas/AppData/Local/Programs/MiKTeX/fonts/type1/public/
tex-gyre/qhvr.pfb><C:/Users/jonas/AppData/Local/Programs/MiKTeX/fonts/type1/pub
lic/tex-gyre/qtmb.pfb><C:/Users/jonas/AppData/Local/Programs/MiKTeX/fonts/type1
/public/tex-gyre/qtmr.pfb><C:/Users/jonas/AppData/Local/Programs/MiKTeX/fonts/t
ype1/public/tex-gyre/qtmri.pfb><C:/Users/jonas/AppData/Local/Programs/MiKTeX/fo
nts/type1/public/txfonts/t1xbtt.pfb><C:/Users/jonas/AppData/Local/Programs/MiKT
eX/fonts/type1/public/txfonts/t1xtt.pfb><C:/Users/jonas/AppData/Local/Programs/
MiKTeX/fonts/type1/public/txfonts/tcxtt.pfb>
Output written on calfem-afiniteelementtoolbox.pdf (193 pages, 1425090 bytes).
PDF statistics:
 1677 PDF objects out of 1728 (max. 8388607)
 322 named destinations out of 1000 (max. 500000)
 1310 words of extra memory for PDF output out of 10000 (max. 10000000)

